================================================================
== Design Size Report
================================================================

* Total Instructions per Compilation Phase
+---------------+-----------------------------+--------------+----------------------------------------------------------------------------------------+
| Phase         | Step                        | Instructions | Description                                                                            |
+---------------+-----------------------------+--------------+----------------------------------------------------------------------------------------+
| Compile/Link  |                             | 139          | After all functions are compiled and linked into a single design                       |
|               |                             |              |                                                                                        |
| Unroll/Inline |                             |              | After user unroll and inline pragmas are applied                                       |
|               | (1) unroll                  |  84          | user unroll pragmas are applied                                                        |
|               | (2) simplification          |  64          | simplification of applied user unroll pragmas                                          |
|               | (3) inline                  |  73          | user inline pragmas are applied                                                        |
|               | (4) simplification          |  73          | simplification of applied user inline pragmas                                          |
|               |                             |              |                                                                                        |
| Array/Struct  |                             |              | After user array partition and struct aggregate/disaggregate pragmas are applied       |
|               | (1) array partition         |  69          | user array partition pragmas are applied                                               |
|               | (2) simplification          |  69          | simplification of applied user array partition & struct aggregate/disaggregate pragmas |
|               | (3) aggregate/disaggregate  |  69          | user struct aggregate/disaggregate pragmas are applied                                 |
|               | (4) array reshape           |  69          | apply array reshape pragmas                                                            |
|               | (5) access patterns         |  76          | array access pattern optmizations                                                      |
|               |                             |              |                                                                                        |
| Performance   |                             |              | After transformations are applied to meet performance pragma targets                   |
|               | (1) loop simplification     |  76          | loop and instruction simplification                                                    |
|               | (2) parallelization         |  76          | loops are unrolled or pipelined to meet performance targets                            |
|               | (3) array partition         |  75          | arrays are partitioned to meet performance targets                                     |
|               | (4) simplification          |  75          | simplification of design after performance transformations                             |
|               |                             |              |                                                                                        |
| HW Transforms |                             |              | After hardware transfomations                                                          |
|               | (1) lowering                |  89          | initial conversion to HW specific instructions                                         |
|               | (2) optimizations           | 112          | high level synthesis optimizations                                                     |
+---------------+-----------------------------+--------------+----------------------------------------------------------------------------------------+

* Instructions per Function for each Compilation Phase
+----------------+-------------+---------------+---------------+--------------+--------------+---------------+
| Function       | Location    | Compile/Link  | Unroll/Inline | Array/Struct | Performance  | HW Transforms |
+----------------+-------------+---------------+---------------+--------------+--------------+---------------+
| + vadd         | vadd.cpp:5  | 139           | 73            | 76           | 75           | 112           |
|    load_data   | vadd.cpp:38 |  34 (2 calls) | 26 (2 calls)  | 28 (2 calls) | 28 (2 calls) |  40 (2 calls) |
|    compute_add | vadd.cpp:47 |  48           | 13            | 13           | 12           |  19           |
|    store_data  | vadd.cpp:58 |  26           | 13            | 14           | 14           |  21           |
+----------------+-------------+---------------+---------------+--------------+--------------+---------------+

* Design Size Message Settings
+---------------------------------------------+--------+------------------------------------------------------------------+
| Message Setting                             | Value  | Description                                                      |
+---------------------------------------------+--------+------------------------------------------------------------------+
| config_compile -design_size_maximum_warning | 100000 | Show a warning when total design instructions exceeds this value |
+---------------------------------------------+--------+------------------------------------------------------------------+


