  **** HLS Build v2025.1 6135595
INFO: [HLS 200-2005] Using work_dir /home/scrail/changsha/vadd/vadd 
INFO: [HLS 200-2176] Writing Vitis IDE component file /home/scrail/changsha/vadd/vadd/vitis-comp.json
INFO: [HLS 200-10] Creating and opening component '/home/scrail/changsha/vadd/vadd'.
INFO: [HLS 200-1611] Setting target device to 'xcu50-fsvh2104-2-e'
INFO: [HLS 200-1505] Using default flow_target 'vivado'
Resolution: For help on HLS 200-1505 see docs.xilinx.com/access/sources/dita/topic?Doc_Version=2025.1%20English&url=ug1448-hls-guidance&resourceid=200-1505.html
INFO: [HLS 200-2174] Applying component config ini file /home/scrail/changsha/vadd/hls_config.cfg
INFO: [HLS 200-1465] Applying config ini 'syn.file=vadd.cpp' from /home/scrail/changsha/vadd/hls_config.cfg(7)
INFO: [HLS 200-10] Adding design file '/home/scrail/changsha/vadd/vadd.cpp' to the project
INFO: [HLS 200-1465] Applying config ini 'syn.file=vadd.h' from /home/scrail/changsha/vadd/hls_config.cfg(8)
INFO: [HLS 200-10] Adding design file '/home/scrail/changsha/vadd/vadd.h' to the project
INFO: [HLS 200-1465] Applying config ini 'syn.top=vadd' from /home/scrail/changsha/vadd/hls_config.cfg(9)
INFO: [HLS 200-1465] Applying config ini 'flow_target=vitis' from /home/scrail/changsha/vadd/hls_config.cfg(4)
INFO: [HLS 200-1505] Using flow_target 'vitis'
Resolution: For help on HLS 200-1505 see docs.xilinx.com/access/sources/dita/topic?Doc_Version=2025.1%20English&url=ug1448-hls-guidance&resourceid=200-1505.html
INFO: [HLS 200-435] Setting 'open_solution -flow_target vitis' configuration: config_interface -m_axi_latency=64
INFO: [HLS 200-435] Setting 'open_solution -flow_target vitis' configuration: config_interface -m_axi_alignment_byte_size=64
INFO: [HLS 200-435] Setting 'open_solution -flow_target vitis' configuration: config_interface -m_axi_max_widen_bitwidth=512
INFO: [HLS 200-435] Setting 'open_solution -flow_target vitis' configuration: config_rtl -register_reset_num=3
INFO: [HLS 200-1465] Applying config ini 'part=xcu50-fsvh2104-2-e' from /home/scrail/changsha/vadd/hls_config.cfg(1)
INFO: [HLS 200-1465] Applying config ini 'package.output.format=xo' from /home/scrail/changsha/vadd/hls_config.cfg(5)
INFO: [HLS 200-2176] Writing Vitis IDE component file /home/scrail/changsha/vadd/vadd/vitis-comp.json
INFO: [IMPL 213-8] Exporting RTL as a Vivado IP.

****** Vivado v2025.1 (64-bit)
  **** SW Build 6140274 on Wed May 21 22:58:25 MDT 2025
  **** IP Build 6138677 on Thu May 22 03:10:11 MDT 2025
  **** SharedData Build 6139179 on Tue May 20 17:58:58 MDT 2025
  **** Start of session at: Wed Jul 30 19:20:11 2025
    ** Copyright 1986-2022 Xilinx, Inc. All Rights Reserved.
    ** Copyright 2022-2025 Advanced Micro Devices, Inc. All Rights Reserved.

source run_ippack.tcl -notrace
INFO: calling package_hls_ip ip_types=vitis sysgen json_file=/home/scrail/changsha/vadd/vadd/hls/hls_data.json outdir=/home/scrail/changsha/vadd/vadd/hls/impl/ip srcdir=/home/scrail/changsha/vadd/vadd/hls ippack_options_dict= ippack_options_dict=
INFO: Copied 1 ipmisc file(s) to /home/scrail/changsha/vadd/vadd/hls/impl/ip/misc
INFO: Copied 16 verilog file(s) to /home/scrail/changsha/vadd/vadd/hls/impl/ip/hdl/verilog
INFO: Copied 13 vhdl file(s) to /home/scrail/changsha/vadd/vadd/hls/impl/ip/hdl/vhdl
INFO: Copied 10 swdriver file(s) to /home/scrail/changsha/vadd/vadd/hls/impl/ip/drivers
WARNING: [Common 17-1496] Vivado tclapp support version doesn't have install/uninstall hooks. Please update support using ::tclapp::update_support command.
WARNING: [Common 17-1496] Vivado tclapp support version doesn't have install/uninstall hooks. Please update support using ::tclapp::update_support command.
WARNING: [Common 17-1496] Vivado tclapp support version doesn't have install/uninstall hooks. Please update support using ::tclapp::update_support command.
WARNING: [Common 17-1496] Vivado tclapp support version doesn't have install/uninstall hooks. Please update support using ::tclapp::update_support command.
WARNING: [Common 17-1496] Vivado tclapp support version doesn't have install/uninstall hooks. Please update support using ::tclapp::update_support command.
WARNING: [Common 17-1496] Vivado tclapp support version doesn't have install/uninstall hooks. Please update support using ::tclapp::update_support command.
INFO: Import ports from HDL: /home/scrail/changsha/vadd/vadd/hls/impl/ip/hdl/vhdl/vadd.vhd (vadd)
INFO: Add axi4lite interface s_axi_control
INFO: Add clock interface ap_clk
INFO: Add reset interface ap_rst_n
INFO: Add interrupt interface interrupt
INFO: [IP_Flow 19-234] Refreshing IP repositories
INFO: [IP_Flow 19-1704] No user IP repositories specified
INFO: [IP_Flow 19-2313] Loaded Vivado IP repository '/tools/Xilinx/2025.1/Vivado/data/ip'.
INFO: Add axi4full interface m_axi_gmem0
INFO: Add axi4full interface m_axi_gmem1
INFO: Calling post_process_vitis to specialize IP
INFO: Calling post_process_sysgen to specialize IP
Generating sysgen info xml from json file
INFO: Created IP /home/scrail/changsha/vadd/vadd/hls/impl/ip/component.xml
Generating XO file: vadd.xo in directory /home/scrail/changsha/vadd/vadd/hls/..
Running: package_xo -xo_path /home/scrail/changsha/vadd/vadd/hls/../vadd.xo -kernel_xml /home/scrail/changsha/vadd/vadd/hls/kernel.xml -kernel_name vadd -ip_directory /home/scrail/changsha/vadd/vadd/hls/impl/ip -kernel_files {/home/scrail/changsha/vadd/vadd/hls/../../vadd.cpp /home/scrail/changsha/vadd/vadd/hls/../../vadd.h} -hls_directory /home/scrail/changsha/vadd/vadd/hls/impl/misc/hls_files -kernel_json /home/scrail/changsha/vadd/vadd/hls/hls_data.json
INFO: Created IP archive /home/scrail/changsha/vadd/vadd/hls/impl/ip/xilinx_com_hls_vadd_1_0.zip
INFO: [Common 17-206] Exiting Vivado at Wed Jul 30 19:20:15 2025...
INFO: [HLS 200-802] Generated output file vadd/vadd.xo
INFO: [HLS 200-112] Total CPU user time: 7.88 seconds. Total CPU system time: 2.34 seconds. Total elapsed time: 5.85 seconds; peak allocated memory: 521.930 MB.
INFO: [vitis-run 60-791] Total elapsed time: 0h 0m 9s
