  **** HLS Build v2025.1 6135595
INFO: [HLS 200-2005] Using work_dir /home/scrail/changsha/vadd/vadd 
INFO: [HLS 200-2176] Writing Vitis IDE component file /home/scrail/changsha/vadd/vadd/vitis-comp.json
INFO: [HLS 200-10] Creating and opening component '/home/scrail/changsha/vadd/vadd'.
INFO: [HLS 200-1611] Setting target device to 'xcu50-fsvh2104-2-e'
INFO: [HLS 200-1505] Using default flow_target 'vivado'
Resolution: For help on HLS 200-1505 see docs.xilinx.com/access/sources/dita/topic?Doc_Version=2025.1%20English&url=ug1448-hls-guidance&resourceid=200-1505.html
INFO: [HLS 200-2174] Applying component config ini file /home/scrail/changsha/vadd/hls_config.cfg
WARNING: [HLS 200-2001] file not found '../vadd_app/vadd.cpp' see [hls] from /home/scrail/changsha/vadd/hls_config.cfg(7)
WARNING: [HLS 200-2001] file not found '../vadd_app/vadd.h' see [hls] from /home/scrail/changsha/vadd/hls_config.cfg(8)
INFO: [HLS 200-1465] Applying config ini 'syn.file=../vadd_app/vadd.cpp' from /home/scrail/changsha/vadd/hls_config.cfg(7)
WARNING: [HLS 200-40] Cannot find design file '../vadd_app/vadd.cpp'
INFO: [HLS 200-1465] Applying config ini 'syn.file=../vadd_app/vadd.h' from /home/scrail/changsha/vadd/hls_config.cfg(8)
WARNING: [HLS 200-40] Cannot find design file '../vadd_app/vadd.h'
INFO: [HLS 200-1465] Applying config ini 'syn.file=vadd.cpp' from /home/scrail/changsha/vadd/hls_config.cfg(9)
INFO: [HLS 200-10] Adding design file '/home/scrail/changsha/vadd/vadd.cpp' to the project
INFO: [HLS 200-1465] Applying config ini 'syn.file=vadd.h' from /home/scrail/changsha/vadd/hls_config.cfg(10)
INFO: [HLS 200-10] Adding design file '/home/scrail/changsha/vadd/vadd.h' to the project
INFO: [HLS 200-1465] Applying config ini 'syn.top=vadd' from /home/scrail/changsha/vadd/hls_config.cfg(11)
INFO: [HLS 200-1465] Applying config ini 'flow_target=vitis' from /home/scrail/changsha/vadd/hls_config.cfg(4)
INFO: [HLS 200-1505] Using flow_target 'vitis'
Resolution: For help on HLS 200-1505 see docs.xilinx.com/access/sources/dita/topic?Doc_Version=2025.1%20English&url=ug1448-hls-guidance&resourceid=200-1505.html
INFO: [HLS 200-435] Setting 'open_solution -flow_target vitis' configuration: config_interface -m_axi_latency=64
INFO: [HLS 200-435] Setting 'open_solution -flow_target vitis' configuration: config_interface -m_axi_alignment_byte_size=64
INFO: [HLS 200-435] Setting 'open_solution -flow_target vitis' configuration: config_interface -m_axi_max_widen_bitwidth=512
INFO: [HLS 200-435] Setting 'open_solution -flow_target vitis' configuration: config_rtl -register_reset_num=3
INFO: [HLS 200-1465] Applying config ini 'part=xcu50-fsvh2104-2-e' from /home/scrail/changsha/vadd/hls_config.cfg(1)
INFO: [HLS 200-1465] Applying config ini 'package.output.format=xo' from /home/scrail/changsha/vadd/hls_config.cfg(5)
INFO: [HLS 200-2176] Writing Vitis IDE component file /home/scrail/changsha/vadd/vadd/vitis-comp.json
INFO: [IMPL 213-8] Exporting RTL as a Vivado IP.

****** Vivado v2025.1 (64-bit)
  **** SW Build 6140274 on Wed May 21 22:58:25 MDT 2025
  **** IP Build 6138677 on Thu May 22 03:10:11 MDT 2025
  **** SharedData Build 6139179 on Tue May 20 17:58:58 MDT 2025
  **** Start of session at: Wed Jul 30 18:18:18 2025
    ** Copyright 1986-2022 Xilinx, Inc. All Rights Reserved.
    ** Copyright 2022-2025 Advanced Micro Devices, Inc. All Rights Reserved.

source run_ippack.tcl -notrace
INFO: calling package_hls_ip ip_types=vitis sysgen json_file=/home/scrail/changsha/vadd/vadd/hls/hls_data.json outdir=/home/scrail/changsha/vadd/vadd/hls/impl/ip srcdir=/home/scrail/changsha/vadd/vadd/hls ippack_options_dict= ippack_options_dict=
INFO: Copied 1 ipmisc file(s) to /home/scrail/changsha/vadd/vadd/hls/impl/ip/misc
INFO: Copied 16 verilog file(s) to /home/scrail/changsha/vadd/vadd/hls/impl/ip/hdl/verilog
INFO: Copied 13 vhdl file(s) to /home/scrail/changsha/vadd/vadd/hls/impl/ip/hdl/vhdl
INFO: Copied 10 swdriver file(s) to /home/scrail/changsha/vadd/vadd/hls/impl/ip/drivers
WARNING: [Common 17-1496] Vivado tclapp support version doesn't have install/uninstall hooks. Please update support using ::tclapp::update_support command.
WARNING: [Common 17-1496] Vivado tclapp support version doesn't have install/uninstall hooks. Please update support using ::tclapp::update_support command.
WARNING: [Common 17-1496] Vivado tclapp support version doesn't have install/uninstall hooks. Please update support using ::tclapp::update_support command.
WARNING: [Common 17-1496] Vivado tclapp support version doesn't have install/uninstall hooks. Please update support using ::tclapp::update_support command.
WARNING: [Common 17-1496] Vivado tclapp support version doesn't have install/uninstall hooks. Please update support using ::tclapp::update_support command.
WARNING: [Common 17-1496] Vivado tclapp support version doesn't have install/uninstall hooks. Please update support using ::tclapp::update_support command.
INFO: Import ports from HDL: /home/scrail/changsha/vadd/vadd/hls/impl/ip/hdl/vhdl/vadd.vhd (vadd)
INFO: Add axi4lite interface s_axi_control
INFO: Add clock interface ap_clk
INFO: Add reset interface ap_rst_n
INFO: Add interrupt interface interrupt
INFO: [IP_Flow 19-234] Refreshing IP repositories
INFO: [IP_Flow 19-1704] No user IP repositories specified
INFO: [IP_Flow 19-2313] Loaded Vivado IP repository '/tools/Xilinx/2025.1/Vivado/data/ip'.
INFO: Add axi4full interface m_axi_gmem0
INFO: Add axi4full interface m_axi_gmem1
INFO: Calling post_process_vitis to specialize IP
INFO: Calling post_process_sysgen to specialize IP
Generating sysgen info xml from json file
INFO: Created IP /home/scrail/changsha/vadd/vadd/hls/impl/ip/component.xml
Generating XO file: vadd.xo in directory /home/scrail/changsha/vadd/vadd/hls/..
Caught error:
Cannot find source file: ../../../vadd_app/vadd.cpp
    while executing
"error "Cannot find source file: $srcfile""
    ("foreach" body line 4)
    invoked from within
"foreach srcfile [list {*}$FilesCSource] {
            set srcfpath [find_hls_src_file $srcdir $srcfile]
            if { $srcfpath eq "" } {
         ..."
    (procedure "::ipx::utils::package_hls_ip" line 351)
    invoked from within
"::ipx::utils::package_hls_ip $ip_out_dir $data_file $ip_types $src_dir $ippack_opts_dict"
Cannot find source file: ../../../vadd_app/vadd.cpp
    while executing
"error $res"
    invoked from within
"if { [catch {::ipx::utils::package_hls_ip $ip_out_dir $data_file $ip_types $src_dir $ippack_opts_dict} res] } {
  puts "Caught error:\n$::errorInfo"
 ..."
    (file "run_ippack.tcl" line 14)
INFO: [Common 17-206] Exiting Vivado at Wed Jul 30 18:18:26 2025...
ERROR: [IMPL 213-28] Failed to generate IP.
ERROR: 
INFO: [HLS 200-112] Total CPU user time: 6.79 seconds. Total CPU system time: 4.06 seconds. Total elapsed time: 11.88 seconds; peak allocated memory: 521.922 MB.
