

================================================================
== Vitis HLS Report for 'compute_add'
================================================================
* Date:           Wed Jul 30 20:30:00 2025

* Version:        2025.1 (Build 6135595 on May 21 2025)
* Project:        vadd
* Solution:       hls (Vitis Kernel Flow Target)
* Product family: virtexuplusHBM
* Target device:  xcu50-fsvh2104-2-e


================================================================
== Performance Estimates
================================================================
+ Timing: 
    * Summary: 
    +--------+----------+----------+------------+
    |  Clock |  Target  | Estimated| Uncertainty|
    +--------+----------+----------+------------+
    |ap_clk  |  10.00 ns|  3.676 ns|     2.70 ns|
    +--------+----------+----------+------------+

+ Latency: 
    * Summary: 
    +---------+---------+----------+----------+-----+-----+---------+
    |  Latency (cycles) |  Latency (absolute) |  Interval | Pipeline|
    |   min   |   max   |    min   |    max   | min | max |   Type  |
    +---------+---------+----------+----------+-----+-----+---------+
    |        ?|        ?|         ?|         ?|    ?|    ?|       no|
    +---------+---------+----------+----------+-----+-----+---------+

    + Detail: 
        * Instance: 
        N/A

        * Loop: 
        +-------------------+---------+---------+----------+-----------+-----------+------+----------+
        |                   |  Latency (cycles) | Iteration|  Initiation Interval  | Trip |          |
        |     Loop Name     |   min   |   max   |  Latency |  achieved |   target  | Count| Pipelined|
        +-------------------+---------+---------+----------+-----------+-----------+------+----------+
        |- VITIS_LOOP_49_1  |        ?|        ?|         1|          -|          -|     ?|        no|
        +-------------------+---------+---------+----------+-----------+-----------+------+----------+



================================================================
== Utilization Estimates
================================================================
* Summary: 
+---------------------+---------+------+---------+--------+-----+
|         Name        | BRAM_18K|  DSP |    FF   |   LUT  | URAM|
+---------------------+---------+------+---------+--------+-----+
|DSP                  |        -|     -|        -|       -|    -|
|Expression           |        -|     -|        0|     120|    -|
|FIFO                 |        -|     -|        -|       -|    -|
|Instance             |        -|     -|        -|       -|    -|
|Memory               |        -|     -|        -|       -|    -|
|Multiplexer          |        -|     -|        0|      77|    -|
|Register             |        -|     -|       66|       -|    -|
+---------------------+---------+------+---------+--------+-----+
|Total                |        0|     0|       66|     197|    0|
+---------------------+---------+------+---------+--------+-----+
|Available SLR        |     1344|  2976|   871680|  435840|  320|
+---------------------+---------+------+---------+--------+-----+
|Utilization SLR (%)  |        0|     0|       ~0|      ~0|    0|
+---------------------+---------+------+---------+--------+-----+
|Available            |     2688|  5952|  1743360|  871680|  640|
+---------------------+---------+------+---------+--------+-----+
|Utilization (%)      |        0|     0|       ~0|      ~0|    0|
+---------------------+---------+------+---------+--------+-----+

+ Detail: 
    * Instance: 
    N/A

    * DSP: 
    N/A

    * Memory: 
    N/A

    * FIFO: 
    N/A

    * Expression: 
    +--------------------+----------+----+---+----+------------+------------+
    |    Variable Name   | Operation| DSP| FF| LUT| Bitwidth P0| Bitwidth P1|
    +--------------------+----------+----+---+----+------------+------------+
    |add_ln49_fu_104_p2  |         +|   0|  0|  38|          31|           1|
    |out_stream_din      |         +|   0|  0|  39|          32|          32|
    |icmp_ln49_fu_99_p2  |      icmp|   0|  0|  39|          32|          32|
    |ap_block_state1     |        or|   0|  0|   2|           1|           1|
    |ap_block_state2     |        or|   0|  0|   2|           1|           1|
    +--------------------+----------+----+---+----+------------+------------+
    |Total               |          |   0|  0| 120|          97|          67|
    +--------------------+----------+----+---+----+------------+------------+

    * Multiplexer: 
    +------------------+----+-----------+-----+-----------+
    |       Name       | LUT| Input Size| Bits| Total Bits|
    +------------------+----+-----------+-----+-----------+
    |ap_NS_fsm         |  14|          3|    1|          3|
    |ap_done           |   9|          2|    1|          2|
    |i_fu_50           |   9|          2|   31|         62|
    |in1_stream_blk_n  |   9|          2|    1|          2|
    |in2_stream_blk_n  |   9|          2|    1|          2|
    |out_stream_blk_n  |   9|          2|    1|          2|
    |size_blk_n        |   9|          2|    1|          2|
    |size_c_blk_n      |   9|          2|    1|          2|
    +------------------+----+-----------+-----+-----------+
    |Total             |  77|         17|   38|         77|
    +------------------+----+-----------+-----+-----------+

    * Register: 
    +----------------+----+----+-----+-----------+
    |      Name      | FF | LUT| Bits| Const Bits|
    +----------------+----+----+-----+-----------+
    |ap_CS_fsm       |   2|   0|    2|          0|
    |ap_done_reg     |   1|   0|    1|          0|
    |i_fu_50         |  31|   0|   31|          0|
    |size_2_reg_129  |  32|   0|   32|          0|
    +----------------+----+----+-----+-----------+
    |Total           |  66|   0|   66|          0|
    +----------------+----+----+-----+-----------+



================================================================
== Interface
================================================================
* Summary: 
+---------------------------+-----+-----+------------+--------------+--------------+
|         RTL Ports         | Dir | Bits|  Protocol  | Source Object|    C Type    |
+---------------------------+-----+-----+------------+--------------+--------------+
|ap_clk                     |   in|    1|  ap_ctrl_hs|   compute_add|  return value|
|ap_rst                     |   in|    1|  ap_ctrl_hs|   compute_add|  return value|
|ap_start                   |   in|    1|  ap_ctrl_hs|   compute_add|  return value|
|ap_done                    |  out|    1|  ap_ctrl_hs|   compute_add|  return value|
|ap_continue                |   in|    1|  ap_ctrl_hs|   compute_add|  return value|
|ap_idle                    |  out|    1|  ap_ctrl_hs|   compute_add|  return value|
|ap_ready                   |  out|    1|  ap_ctrl_hs|   compute_add|  return value|
|in1_stream_dout            |   in|   32|     ap_fifo|    in1_stream|       pointer|
|in1_stream_empty_n         |   in|    1|     ap_fifo|    in1_stream|       pointer|
|in1_stream_read            |  out|    1|     ap_fifo|    in1_stream|       pointer|
|in1_stream_num_data_valid  |   in|    3|     ap_fifo|    in1_stream|       pointer|
|in1_stream_fifo_cap        |   in|    3|     ap_fifo|    in1_stream|       pointer|
|in2_stream_dout            |   in|   32|     ap_fifo|    in2_stream|       pointer|
|in2_stream_empty_n         |   in|    1|     ap_fifo|    in2_stream|       pointer|
|in2_stream_read            |  out|    1|     ap_fifo|    in2_stream|       pointer|
|in2_stream_num_data_valid  |   in|    3|     ap_fifo|    in2_stream|       pointer|
|in2_stream_fifo_cap        |   in|    3|     ap_fifo|    in2_stream|       pointer|
|out_stream_din             |  out|   32|     ap_fifo|    out_stream|       pointer|
|out_stream_full_n          |   in|    1|     ap_fifo|    out_stream|       pointer|
|out_stream_write           |  out|    1|     ap_fifo|    out_stream|       pointer|
|out_stream_num_data_valid  |   in|    3|     ap_fifo|    out_stream|       pointer|
|out_stream_fifo_cap        |   in|    3|     ap_fifo|    out_stream|       pointer|
|size_dout                  |   in|   32|     ap_fifo|          size|       pointer|
|size_empty_n               |   in|    1|     ap_fifo|          size|       pointer|
|size_read                  |  out|    1|     ap_fifo|          size|       pointer|
|size_num_data_valid        |   in|    3|     ap_fifo|          size|       pointer|
|size_fifo_cap              |   in|    3|     ap_fifo|          size|       pointer|
|size_c_din                 |  out|   32|     ap_fifo|        size_c|       pointer|
|size_c_full_n              |   in|    1|     ap_fifo|        size_c|       pointer|
|size_c_write               |  out|    1|     ap_fifo|        size_c|       pointer|
|size_c_num_data_valid      |   in|    3|     ap_fifo|        size_c|       pointer|
|size_c_fifo_cap            |   in|    3|     ap_fifo|        size_c|       pointer|
+---------------------------+-----+-----+------------+--------------+--------------+

============================================================
+ Verbose Summary: Synthesis Manager
============================================================
InlineROM: 1
ExposeGlobal: 0
============================================================
+ Verbose Summary: CDFG Model
============================================================
IsTopModel: 0
ResetActiveHigh: 1
IsCombinational: 2
IsDatapathOnly: 0
HasWiredReturn: 1
HasMFsm: 0
HasVarLatency: 1
IsPipeline: 0
IsRtlPipelined: 0
IsInstanceOverlapped: 0
IsDontTouch: 0
HasImplIP: 0
IsGatedGlobalClock: 0


============================================================
+ Verbose Summary: Schedule
============================================================
* Number of FSM states : 2
* Pipeline : 0
* Dataflow Pipeline: 0

* FSM state transitions: 
1 --> 2 
2 --> 2 

* FSM state operations: 

State 1 <SV = 0> <Delay = 2.79>
ST_1 : Operation 3 [1/1] (0.00ns)   --->   "%i = alloca i32 1"   --->   Operation 3 'alloca' 'i' <Predicate = true> <Delay = 0.00>
ST_1 : Operation 4 [1/1] (0.00ns)   --->   "%specinterface_ln0 = specinterface void @_ssdm_op_SpecInterface, i32 %size, void @ap_fifo_str, i32 0, i32 0, void @p_str, i32 0, i32 0, void @p_str, void @p_str, void @p_str, i32 2, i32 2, i32 16, i32 16, void @p_str, void @ScalarProp_str, i32 4294967295, i32 0, i32 0"   --->   Operation 4 'specinterface' 'specinterface_ln0' <Predicate = true> <Delay = 0.00>
ST_1 : Operation 5 [1/1] ( I:1.39ns O:1.39ns )   --->   "%size_2 = read i32 @_ssdm_op_Read.ap_fifo.i32P0A, i32 %size"   --->   Operation 5 'read' 'size_2' <Predicate = true> <Delay = 1.39> <CoreInst = "FIFO_SRL">   --->   Core 80 'FIFO_SRL' <Latency = 0> <II = 1> <Delay = 1.39> <Storage> <Opcode : 'read' 'write' 'nbread' 'nbwrite'> <Ports = 0> <Width = 32> <Depth = 2> <FIFO>
ST_1 : Operation 6 [1/1] (0.00ns)   --->   "%specinterface_ln0 = specinterface void @_ssdm_op_SpecInterface, i32 %size_c, void @ap_fifo_str, i32 0, i32 0, void @p_str, i32 0, i32 0, void @p_str, void @p_str, void @p_str, i32 2, i32 2, i32 16, i32 16, void @p_str, void @ScalarProp_str, i32 4294967295, i32 0, i32 0"   --->   Operation 6 'specinterface' 'specinterface_ln0' <Predicate = true> <Delay = 0.00>
ST_1 : Operation 7 [1/1] ( I:1.39ns O:1.39ns )   --->   "%write_ln0 = write void @_ssdm_op_Write.ap_fifo.i32P0A, i32 %size_c, i32 %size_2"   --->   Operation 7 'write' 'write_ln0' <Predicate = true> <Delay = 1.39> <CoreInst = "FIFO_SRL">   --->   Core 80 'FIFO_SRL' <Latency = 0> <II = 1> <Delay = 1.39> <Storage> <Opcode : 'read' 'write' 'nbread' 'nbwrite'> <Ports = 0> <Width = 32> <Depth = 2> <FIFO>
ST_1 : Operation 8 [1/1] (0.00ns)   --->   "%specinterface_ln0 = specinterface void @_ssdm_op_SpecInterface, i32 %out_stream, void @empty_9, i32 0, i32 0, void @empty_3, i32 0, i32 0, void @empty_3, void @empty_3, void @empty_3, i32 0, i32 0, i32 0, i32 0, void @empty_3, void @empty_3, i32 4294967295, i32 0, i32 0"   --->   Operation 8 'specinterface' 'specinterface_ln0' <Predicate = true> <Delay = 0.00>
ST_1 : Operation 9 [1/1] (0.00ns)   --->   "%specinterface_ln0 = specinterface void @_ssdm_op_SpecInterface, i32 %in2_stream, void @empty_9, i32 0, i32 0, void @empty_3, i32 0, i32 0, void @empty_3, void @empty_3, void @empty_3, i32 0, i32 0, i32 0, i32 0, void @empty_3, void @empty_3, i32 4294967295, i32 0, i32 0"   --->   Operation 9 'specinterface' 'specinterface_ln0' <Predicate = true> <Delay = 0.00>
ST_1 : Operation 10 [1/1] (0.00ns)   --->   "%specinterface_ln0 = specinterface void @_ssdm_op_SpecInterface, i32 %in1_stream, void @empty_9, i32 0, i32 0, void @empty_3, i32 0, i32 0, void @empty_3, void @empty_3, void @empty_3, i32 0, i32 0, i32 0, i32 0, void @empty_3, void @empty_3, i32 4294967295, i32 0, i32 0"   --->   Operation 10 'specinterface' 'specinterface_ln0' <Predicate = true> <Delay = 0.00>
ST_1 : Operation 11 [1/1] (0.00ns)   --->   "%specpipeline_ln48 = specpipeline void @_ssdm_op_SpecPipeline, i32 1, i32 0, i32 0, i32 0, void @empty_3" [vadd.cpp:48]   --->   Operation 11 'specpipeline' 'specpipeline_ln48' <Predicate = true> <Delay = 0.00>
ST_1 : Operation 12 [1/1] (0.38ns)   --->   "%store_ln0 = store i31 0, i31 %i"   --->   Operation 12 'store' 'store_ln0' <Predicate = true> <Delay = 0.38>
ST_1 : Operation 13 [1/1] (0.00ns)   --->   "%br_ln49 = br void %for.inc" [vadd.cpp:49]   --->   Operation 13 'br' 'br_ln49' <Predicate = true> <Delay = 0.00>

State 2 <SV = 1> <Delay = 3.67>
ST_2 : Operation 14 [1/1] (0.00ns)   --->   "%i_load = load i31 %i" [vadd.cpp:49]   --->   Operation 14 'load' 'i_load' <Predicate = true> <Delay = 0.00>
ST_2 : Operation 15 [1/1] (0.00ns)   --->   "%zext_ln47 = zext i31 %i_load" [vadd.cpp:47]   --->   Operation 15 'zext' 'zext_ln47' <Predicate = true> <Delay = 0.00>
ST_2 : Operation 16 [1/1] (0.88ns)   --->   "%icmp_ln49 = icmp_slt  i32 %zext_ln47, i32 %size_2" [vadd.cpp:49]   --->   Operation 16 'icmp' 'icmp_ln49' <Predicate = true> <Delay = 0.88> <CoreInst = "Cmp">   --->   Core 9 'Cmp' <Latency = 0> <II = 1> <Delay = 0.88> <FuncUnit> <Opcode : 'seteq' 'setne' 'setle' 'setge' 'setlt' 'setgt'> <InPorts = 2> <OutPorts = 1>
ST_2 : Operation 17 [1/1] (0.87ns)   --->   "%add_ln49 = add i31 %i_load, i31 1" [vadd.cpp:49]   --->   Operation 17 'add' 'add_ln49' <Predicate = true> <Delay = 0.87> <CoreInst = "Adder">   --->   Core 1 'Adder' <Latency = 0> <II = 1> <Delay = 0.87> <FuncUnit> <Opcode : 'add' 'sub'> <InPorts = 2> <OutPorts = 1>
ST_2 : Operation 18 [1/1] (0.00ns)   --->   "%br_ln49 = br i1 %icmp_ln49, void %for.end, void %for.inc.split" [vadd.cpp:49]   --->   Operation 18 'br' 'br_ln49' <Predicate = true> <Delay = 0.00>
ST_2 : Operation 19 [1/1] (0.00ns)   --->   "%specloopname_ln49 = specloopname void @_ssdm_op_SpecLoopName, void @empty_17" [vadd.cpp:49]   --->   Operation 19 'specloopname' 'specloopname_ln49' <Predicate = (icmp_ln49)> <Delay = 0.00>
ST_2 : Operation 20 [1/1] ( I:1.39ns O:1.39ns )   --->   "%val1 = read i32 @_ssdm_op_Read.ap_fifo.volatile.i32P0A, i32 %in1_stream" [vadd.cpp:50]   --->   Operation 20 'read' 'val1' <Predicate = (icmp_ln49)> <Delay = 1.39> <CoreInst = "FIFO_SRL">   --->   Core 80 'FIFO_SRL' <Latency = 0> <II = 1> <Delay = 1.39> <Storage> <Opcode : 'read' 'write' 'nbread' 'nbwrite'> <Ports = 0> <Width = 32> <Depth = 2> <FIFO>
ST_2 : Operation 21 [1/1] ( I:1.39ns O:1.39ns )   --->   "%val2 = read i32 @_ssdm_op_Read.ap_fifo.volatile.i32P0A, i32 %in2_stream" [vadd.cpp:51]   --->   Operation 21 'read' 'val2' <Predicate = (icmp_ln49)> <Delay = 1.39> <CoreInst = "FIFO_SRL">   --->   Core 80 'FIFO_SRL' <Latency = 0> <II = 1> <Delay = 1.39> <Storage> <Opcode : 'read' 'write' 'nbread' 'nbwrite'> <Ports = 0> <Width = 32> <Depth = 2> <FIFO>
ST_2 : Operation 22 [1/1] (0.88ns)   --->   "%sum = add i32 %val2, i32 %val1" [vadd.cpp:52]   --->   Operation 22 'add' 'sum' <Predicate = (icmp_ln49)> <Delay = 0.88> <CoreInst = "Adder">   --->   Core 1 'Adder' <Latency = 0> <II = 1> <Delay = 0.88> <FuncUnit> <Opcode : 'add' 'sub'> <InPorts = 2> <OutPorts = 1>
ST_2 : Operation 23 [1/1] ( I:1.39ns O:1.39ns )   --->   "%write_ln53 = write void @_ssdm_op_Write.ap_fifo.volatile.i32P0A, i32 %out_stream, i32 %sum" [vadd.cpp:53]   --->   Operation 23 'write' 'write_ln53' <Predicate = (icmp_ln49)> <Delay = 1.39> <CoreInst = "FIFO_SRL">   --->   Core 80 'FIFO_SRL' <Latency = 0> <II = 1> <Delay = 1.39> <Storage> <Opcode : 'read' 'write' 'nbread' 'nbwrite'> <Ports = 0> <Width = 32> <Depth = 2> <FIFO>
ST_2 : Operation 24 [1/1] (0.38ns)   --->   "%store_ln49 = store i31 %add_ln49, i31 %i" [vadd.cpp:49]   --->   Operation 24 'store' 'store_ln49' <Predicate = (icmp_ln49)> <Delay = 0.38>
ST_2 : Operation 25 [1/1] (0.00ns)   --->   "%br_ln49 = br void %for.inc" [vadd.cpp:49]   --->   Operation 25 'br' 'br_ln49' <Predicate = (icmp_ln49)> <Delay = 0.00>
ST_2 : Operation 26 [1/1] (0.00ns)   --->   "%ret_ln55 = ret" [vadd.cpp:55]   --->   Operation 26 'ret' 'ret_ln55' <Predicate = (!icmp_ln49)> <Delay = 0.00>


============================================================
+ Verbose Summary: Binding
============================================================
STG Binding: 
---------------- STG Properties BEGIN ----------------
- Is combinational: 0
- Is one-state seq: 0
- Is datapath-only: 0
- Is pipelined: 0
- Is top level: 0
Port [ Return ] is wired: 1; IO mode=ap_ctrl_hs:ce=0
Port [ in1_stream]:  wired=1; compound=1; hidden=0; nouse=0; global=0; static=0; extern=0; dir=0; type=3; pingpong=0; private_global=0; IO mode=ap_fifo:ce=0
Port [ in2_stream]:  wired=1; compound=1; hidden=0; nouse=0; global=0; static=0; extern=0; dir=0; type=3; pingpong=0; private_global=0; IO mode=ap_fifo:ce=0
Port [ out_stream]:  wired=1; compound=1; hidden=0; nouse=0; global=0; static=0; extern=0; dir=1; type=3; pingpong=0; private_global=0; IO mode=ap_fifo:ce=0
Port [ size]:  wired=1; compound=1; hidden=0; nouse=0; global=0; static=0; extern=0; dir=0; type=3; pingpong=0; private_global=0; IO mode=ap_fifo:ce=0
Port [ size_c]:  wired=1; compound=1; hidden=0; nouse=0; global=0; static=0; extern=0; dir=1; type=3; pingpong=0; private_global=0; IO mode=ap_fifo:ce=0
---------------- STG Properties END ------------------

---------------- Datapath Model BEGIN ----------------

<LifeTime>
<method=bitvector/>
i                 (alloca       ) [ 011]
specinterface_ln0 (specinterface) [ 000]
size_2            (read         ) [ 001]
specinterface_ln0 (specinterface) [ 000]
write_ln0         (write        ) [ 000]
specinterface_ln0 (specinterface) [ 000]
specinterface_ln0 (specinterface) [ 000]
specinterface_ln0 (specinterface) [ 000]
specpipeline_ln48 (specpipeline ) [ 000]
store_ln0         (store        ) [ 000]
br_ln49           (br           ) [ 000]
i_load            (load         ) [ 000]
zext_ln47         (zext         ) [ 000]
icmp_ln49         (icmp         ) [ 001]
add_ln49          (add          ) [ 000]
br_ln49           (br           ) [ 000]
specloopname_ln49 (specloopname ) [ 000]
val1              (read         ) [ 000]
val2              (read         ) [ 000]
sum               (add          ) [ 000]
write_ln53        (write        ) [ 000]
store_ln49        (store        ) [ 000]
br_ln49           (br           ) [ 000]
ret_ln55          (ret          ) [ 000]
</LifeTime>

<model>

<comp_list>
<comp id="0" class="1000" name="in1_stream">
<pin_list>
<pin id="1" dir="1" index="0" bw="1" slack="0"/>
</pin_list>
<bind>
<StgValue><ssdm name="in1_stream"/></StgValue>
</bind>
</comp>

<comp id="2" class="1000" name="in2_stream">
<pin_list>
<pin id="3" dir="1" index="0" bw="1" slack="0"/>
</pin_list>
<bind>
<StgValue><ssdm name="in2_stream"/></StgValue>
</bind>
</comp>

<comp id="4" class="1000" name="out_stream">
<pin_list>
<pin id="5" dir="1" index="0" bw="1" slack="0"/>
</pin_list>
<bind>
<StgValue><ssdm name="out_stream"/></StgValue>
</bind>
</comp>

<comp id="6" class="1000" name="size">
<pin_list>
<pin id="7" dir="1" index="0" bw="1" slack="0"/>
</pin_list>
<bind>
<StgValue><ssdm name="size"/></StgValue>
</bind>
</comp>

<comp id="8" class="1000" name="size_c">
<pin_list>
<pin id="9" dir="1" index="0" bw="1" slack="0"/>
</pin_list>
<bind>
<StgValue><ssdm name="size_c"/></StgValue>
</bind>
</comp>

<comp id="10" class="1001" name="const_10">
<pin_list>
<pin id="11" dir="1" index="0" bw="1" slack="0"/>
</pin_list>
<bind>
<StgValue><ssdm name=""/></StgValue>
</bind>
</comp>

<comp id="12" class="1001" name="const_12">
<pin_list>
<pin id="13" dir="1" index="0" bw="1" slack="2147483647"/>
</pin_list>
<bind>
<StgValue><ssdm name="_ssdm_op_SpecInterface"/></StgValue>
</bind>
</comp>

<comp id="14" class="1001" name="const_14">
<pin_list>
<pin id="15" dir="1" index="0" bw="1" slack="2147483647"/>
</pin_list>
<bind>
<StgValue><ssdm name="ap_fifo_str"/></StgValue>
</bind>
</comp>

<comp id="16" class="1001" name="const_16">
<pin_list>
<pin id="17" dir="1" index="0" bw="1" slack="2147483647"/>
</pin_list>
<bind>
<StgValue><ssdm name=""/></StgValue>
</bind>
</comp>

<comp id="18" class="1001" name="const_18">
<pin_list>
<pin id="19" dir="1" index="0" bw="1" slack="2147483647"/>
</pin_list>
<bind>
<StgValue><ssdm name="p_str"/></StgValue>
</bind>
</comp>

<comp id="20" class="1001" name="const_20">
<pin_list>
<pin id="21" dir="1" index="0" bw="1" slack="2147483647"/>
</pin_list>
<bind>
<StgValue><ssdm name=""/></StgValue>
</bind>
</comp>

<comp id="22" class="1001" name="const_22">
<pin_list>
<pin id="23" dir="1" index="0" bw="1" slack="2147483647"/>
</pin_list>
<bind>
<StgValue><ssdm name=""/></StgValue>
</bind>
</comp>

<comp id="24" class="1001" name="const_24">
<pin_list>
<pin id="25" dir="1" index="0" bw="1" slack="2147483647"/>
</pin_list>
<bind>
<StgValue><ssdm name="ScalarProp_str"/></StgValue>
</bind>
</comp>

<comp id="26" class="1001" name="const_26">
<pin_list>
<pin id="27" dir="1" index="0" bw="1" slack="2147483647"/>
</pin_list>
<bind>
<StgValue><ssdm name=""/></StgValue>
</bind>
</comp>

<comp id="28" class="1001" name="const_28">
<pin_list>
<pin id="29" dir="1" index="0" bw="1" slack="0"/>
</pin_list>
<bind>
<StgValue><ssdm name="_ssdm_op_Read.ap_fifo.i32P0A"/></StgValue>
</bind>
</comp>

<comp id="30" class="1001" name="const_30">
<pin_list>
<pin id="31" dir="1" index="0" bw="1" slack="0"/>
</pin_list>
<bind>
<StgValue><ssdm name="_ssdm_op_Write.ap_fifo.i32P0A"/></StgValue>
</bind>
</comp>

<comp id="32" class="1001" name="const_32">
<pin_list>
<pin id="33" dir="1" index="0" bw="1" slack="2147483647"/>
</pin_list>
<bind>
<StgValue><ssdm name="empty_9"/></StgValue>
</bind>
</comp>

<comp id="34" class="1001" name="const_34">
<pin_list>
<pin id="35" dir="1" index="0" bw="1" slack="2147483647"/>
</pin_list>
<bind>
<StgValue><ssdm name="empty_3"/></StgValue>
</bind>
</comp>

<comp id="36" class="1001" name="const_36">
<pin_list>
<pin id="37" dir="1" index="0" bw="1" slack="2147483647"/>
</pin_list>
<bind>
<StgValue><ssdm name="_ssdm_op_SpecPipeline"/></StgValue>
</bind>
</comp>

<comp id="38" class="1001" name="const_38">
<pin_list>
<pin id="39" dir="1" index="0" bw="1" slack="0"/>
</pin_list>
<bind>
<StgValue><ssdm name=""/></StgValue>
</bind>
</comp>

<comp id="40" class="1001" name="const_40">
<pin_list>
<pin id="41" dir="1" index="0" bw="1" slack="0"/>
</pin_list>
<bind>
<StgValue><ssdm name=""/></StgValue>
</bind>
</comp>

<comp id="42" class="1001" name="const_42">
<pin_list>
<pin id="43" dir="1" index="0" bw="1" slack="2147483647"/>
</pin_list>
<bind>
<StgValue><ssdm name="_ssdm_op_SpecLoopName"/></StgValue>
</bind>
</comp>

<comp id="44" class="1001" name="const_44">
<pin_list>
<pin id="45" dir="1" index="0" bw="1" slack="2147483647"/>
</pin_list>
<bind>
<StgValue><ssdm name="empty_17"/></StgValue>
</bind>
</comp>

<comp id="46" class="1001" name="const_46">
<pin_list>
<pin id="47" dir="1" index="0" bw="1" slack="0"/>
</pin_list>
<bind>
<StgValue><ssdm name="_ssdm_op_Read.ap_fifo.volatile.i32P0A"/></StgValue>
</bind>
</comp>

<comp id="48" class="1001" name="const_48">
<pin_list>
<pin id="49" dir="1" index="0" bw="1" slack="0"/>
</pin_list>
<bind>
<StgValue><ssdm name="_ssdm_op_Write.ap_fifo.volatile.i32P0A"/></StgValue>
</bind>
</comp>

<comp id="50" class="1004" name="i_fu_50">
<pin_list>
<pin id="51" dir="0" index="0" bw="1" slack="0"/>
<pin id="52" dir="1" index="1" bw="31" slack="0"/>
</pin_list>
<bind>
<opcode="alloca(26) " fcode="alloca"/>
<opset="i/1 "/>
</bind>
</comp>

<comp id="54" class="1004" name="size_2_read_fu_54">
<pin_list>
<pin id="55" dir="0" index="0" bw="32" slack="0"/>
<pin id="56" dir="0" index="1" bw="32" slack="0"/>
<pin id="57" dir="1" index="2" bw="32" slack="0"/>
</pin_list>
<bind>
<opcode="read(1150) " fcode="read"/>
<opset="size_2/1 "/>
</bind>
</comp>

<comp id="60" class="1004" name="write_ln0_write_fu_60">
<pin_list>
<pin id="61" dir="0" index="0" bw="0" slack="0"/>
<pin id="62" dir="0" index="1" bw="32" slack="0"/>
<pin id="63" dir="0" index="2" bw="32" slack="0"/>
<pin id="64" dir="1" index="3" bw="0" slack="2147483647"/>
</pin_list>
<bind>
<opcode="write(1151) " fcode="write"/>
<opset="write_ln0/1 "/>
</bind>
</comp>

<comp id="68" class="1004" name="val1_read_fu_68">
<pin_list>
<pin id="69" dir="0" index="0" bw="32" slack="0"/>
<pin id="70" dir="0" index="1" bw="32" slack="0"/>
<pin id="71" dir="1" index="2" bw="32" slack="0"/>
</pin_list>
<bind>
<opcode="read(1150) " fcode="read"/>
<opset="val1/2 "/>
</bind>
</comp>

<comp id="74" class="1004" name="val2_read_fu_74">
<pin_list>
<pin id="75" dir="0" index="0" bw="32" slack="0"/>
<pin id="76" dir="0" index="1" bw="32" slack="0"/>
<pin id="77" dir="1" index="2" bw="32" slack="0"/>
</pin_list>
<bind>
<opcode="read(1150) " fcode="read"/>
<opset="val2/2 "/>
</bind>
</comp>

<comp id="80" class="1004" name="write_ln53_write_fu_80">
<pin_list>
<pin id="81" dir="0" index="0" bw="0" slack="0"/>
<pin id="82" dir="0" index="1" bw="32" slack="0"/>
<pin id="83" dir="0" index="2" bw="32" slack="0"/>
<pin id="84" dir="1" index="3" bw="0" slack="2147483647"/>
</pin_list>
<bind>
<opcode="write(1151) " fcode="write"/>
<opset="write_ln53/2 "/>
</bind>
</comp>

<comp id="87" class="1004" name="store_ln0_store_fu_87">
<pin_list>
<pin id="88" dir="0" index="0" bw="1" slack="0"/>
<pin id="89" dir="0" index="1" bw="31" slack="0"/>
<pin id="90" dir="1" index="2" bw="0" slack="2147483647"/>
</pin_list>
<bind>
<opcode="store(28) " fcode="store"/>
<opset="store_ln0/1 "/>
</bind>
</comp>

<comp id="92" class="1004" name="i_load_load_fu_92">
<pin_list>
<pin id="93" dir="0" index="0" bw="31" slack="1"/>
<pin id="94" dir="1" index="1" bw="31" slack="0"/>
</pin_list>
<bind>
<opcode="load(27) " fcode="load"/>
<opset="i_load/2 "/>
</bind>
</comp>

<comp id="95" class="1004" name="zext_ln47_fu_95">
<pin_list>
<pin id="96" dir="0" index="0" bw="31" slack="0"/>
<pin id="97" dir="1" index="1" bw="32" slack="0"/>
</pin_list>
<bind>
<opcode="zext(34) " fcode="zext"/>
<opset="zext_ln47/2 "/>
</bind>
</comp>

<comp id="99" class="1004" name="icmp_ln49_fu_99">
<pin_list>
<pin id="100" dir="0" index="0" bw="32" slack="0"/>
<pin id="101" dir="0" index="1" bw="32" slack="1"/>
<pin id="102" dir="1" index="2" bw="1" slack="2147483647"/>
</pin_list>
<bind>
<opcode="icmp(45) " fcode="icmp"/>
<opset="icmp_ln49/2 "/>
</bind>
</comp>

<comp id="104" class="1004" name="add_ln49_fu_104">
<pin_list>
<pin id="105" dir="0" index="0" bw="31" slack="0"/>
<pin id="106" dir="0" index="1" bw="1" slack="0"/>
<pin id="107" dir="1" index="2" bw="31" slack="0"/>
</pin_list>
<bind>
<opcode="add(8) " fcode="add"/>
<opset="add_ln49/2 "/>
</bind>
</comp>

<comp id="110" class="1004" name="sum_fu_110">
<pin_list>
<pin id="111" dir="0" index="0" bw="32" slack="0"/>
<pin id="112" dir="0" index="1" bw="32" slack="0"/>
<pin id="113" dir="1" index="2" bw="32" slack="0"/>
</pin_list>
<bind>
<opcode="add(8) " fcode="add"/>
<opset="sum/2 "/>
</bind>
</comp>

<comp id="117" class="1004" name="store_ln49_store_fu_117">
<pin_list>
<pin id="118" dir="0" index="0" bw="31" slack="0"/>
<pin id="119" dir="0" index="1" bw="31" slack="1"/>
<pin id="120" dir="1" index="2" bw="0" slack="2147483647"/>
</pin_list>
<bind>
<opcode="store(28) " fcode="store"/>
<opset="store_ln49/2 "/>
</bind>
</comp>

<comp id="122" class="1005" name="i_reg_122">
<pin_list>
<pin id="123" dir="0" index="0" bw="31" slack="0"/>
<pin id="124" dir="1" index="1" bw="31" slack="0"/>
</pin_list>
<bind>
<opset="i "/>
</bind>
</comp>

<comp id="129" class="1005" name="size_2_reg_129">
<pin_list>
<pin id="130" dir="0" index="0" bw="32" slack="1"/>
<pin id="131" dir="1" index="1" bw="32" slack="1"/>
</pin_list>
<bind>
<opset="size_2 "/>
</bind>
</comp>

</comp_list>

<net_list>
<net id="53"><net_src comp="10" pin="0"/><net_sink comp="50" pin=0"/></net>

<net id="58"><net_src comp="28" pin="0"/><net_sink comp="54" pin=0"/></net>

<net id="59"><net_src comp="6" pin="0"/><net_sink comp="54" pin=1"/></net>

<net id="65"><net_src comp="30" pin="0"/><net_sink comp="60" pin=0"/></net>

<net id="66"><net_src comp="8" pin="0"/><net_sink comp="60" pin=1"/></net>

<net id="67"><net_src comp="54" pin="2"/><net_sink comp="60" pin=2"/></net>

<net id="72"><net_src comp="46" pin="0"/><net_sink comp="68" pin=0"/></net>

<net id="73"><net_src comp="0" pin="0"/><net_sink comp="68" pin=1"/></net>

<net id="78"><net_src comp="46" pin="0"/><net_sink comp="74" pin=0"/></net>

<net id="79"><net_src comp="2" pin="0"/><net_sink comp="74" pin=1"/></net>

<net id="85"><net_src comp="48" pin="0"/><net_sink comp="80" pin=0"/></net>

<net id="86"><net_src comp="4" pin="0"/><net_sink comp="80" pin=1"/></net>

<net id="91"><net_src comp="38" pin="0"/><net_sink comp="87" pin=0"/></net>

<net id="98"><net_src comp="92" pin="1"/><net_sink comp="95" pin=0"/></net>

<net id="103"><net_src comp="95" pin="1"/><net_sink comp="99" pin=0"/></net>

<net id="108"><net_src comp="92" pin="1"/><net_sink comp="104" pin=0"/></net>

<net id="109"><net_src comp="40" pin="0"/><net_sink comp="104" pin=1"/></net>

<net id="114"><net_src comp="74" pin="2"/><net_sink comp="110" pin=0"/></net>

<net id="115"><net_src comp="68" pin="2"/><net_sink comp="110" pin=1"/></net>

<net id="116"><net_src comp="110" pin="2"/><net_sink comp="80" pin=2"/></net>

<net id="121"><net_src comp="104" pin="2"/><net_sink comp="117" pin=0"/></net>

<net id="125"><net_src comp="50" pin="1"/><net_sink comp="122" pin=0"/></net>

<net id="126"><net_src comp="122" pin="1"/><net_sink comp="87" pin=1"/></net>

<net id="127"><net_src comp="122" pin="1"/><net_sink comp="92" pin=0"/></net>

<net id="128"><net_src comp="122" pin="1"/><net_sink comp="117" pin=1"/></net>

<net id="132"><net_src comp="54" pin="2"/><net_sink comp="129" pin=0"/></net>

<net id="133"><net_src comp="129" pin="1"/><net_sink comp="99" pin=1"/></net>

</net_list>

</model> 
---------------- Datapath Model END ------------------

* FSMD analyzer results:
  - Output states:
	Port: out_stream | {2 }
	Port: size_c | {1 }
 - Input state : 
	Port: compute_add : in1_stream | {2 }
	Port: compute_add : in2_stream | {2 }
	Port: compute_add : size | {1 }
  - Chain level:
	State 1
		store_ln0 : 1
	State 2
		zext_ln47 : 1
		icmp_ln49 : 2
		add_ln49 : 1
		br_ln49 : 3
		write_ln53 : 1
		store_ln49 : 2


============================================================
+ Verbose Summary: Datapath Resource usage 
============================================================

* Functional unit list:
|----------|------------------------|---------|---------|
| Operation|     Functional Unit    |    FF   |   LUT   |
|----------|------------------------|---------|---------|
|    add   |     add_ln49_fu_104    |    0    |    38   |
|          |       sum_fu_110       |    0    |    39   |
|----------|------------------------|---------|---------|
|   icmp   |     icmp_ln49_fu_99    |    0    |    39   |
|----------|------------------------|---------|---------|
|          |    size_2_read_fu_54   |    0    |    0    |
|   read   |     val1_read_fu_68    |    0    |    0    |
|          |     val2_read_fu_74    |    0    |    0    |
|----------|------------------------|---------|---------|
|   write  |  write_ln0_write_fu_60 |    0    |    0    |
|          | write_ln53_write_fu_80 |    0    |    0    |
|----------|------------------------|---------|---------|
|   zext   |     zext_ln47_fu_95    |    0    |    0    |
|----------|------------------------|---------|---------|
|   Total  |                        |    0    |   116   |
|----------|------------------------|---------|---------|

Memories:
N/A

* Register list:
+--------------+--------+
|              |   FF   |
+--------------+--------+
|   i_reg_122  |   31   |
|size_2_reg_129|   32   |
+--------------+--------+
|     Total    |   63   |
+--------------+--------+

* Multiplexer (MUX) list: 
|--------|------|------|------|--------|
|  Comp  |  Pin | Size |  BW  | S x BW |
|--------|------|------|------|--------|
|  Total |      |      |      |    0   |
|--------|------|------|------|--------|



* Summary:
+-----------+--------+--------+
|           |   FF   |   LUT  |
+-----------+--------+--------+
|  Function |    0   |   116  |
|   Memory  |    -   |    -   |
|Multiplexer|    -   |    -   |
|  Register |   63   |    -   |
+-----------+--------+--------+
|   Total   |   63   |   116  |
+-----------+--------+--------+
