

================================================================
== Vitis HLS Report for 'store_data'
================================================================
* Date:           Wed Jul 30 20:29:59 2025

* Version:        2025.1 (Build 6135595 on May 21 2025)
* Project:        vadd
* Solution:       hls (Vitis Kernel Flow Target)
* Product family: virtexuplusHBM
* Target device:  xcu50-fsvh2104-2-e


================================================================
== Performance Estimates
================================================================
+ Timing: 
    * Summary: 
    +--------+----------+----------+------------+
    |  Clock |  Target  | Estimated| Uncertainty|
    +--------+----------+----------+------------+
    |ap_clk  |  10.00 ns|  7.300 ns|     2.70 ns|
    +--------+----------+----------+------------+

+ Latency: 
    * Summary: 
    +---------+---------+----------+----------+-----+-----+---------+
    |  Latency (cycles) |  Latency (absolute) |  Interval | Pipeline|
    |   min   |   max   |    min   |    max   | min | max |   Type  |
    +---------+---------+----------+----------+-----+-----+---------+
    |        ?|        ?|         ?|         ?|    ?|    ?|       no|
    +---------+---------+----------+----------+-----+-----+---------+

    + Detail: 
        * Instance: 
        N/A

        * Loop: 
        +-------------------+---------+---------+----------+-----------+-----------+------+----------+
        |                   |  Latency (cycles) | Iteration|  Initiation Interval  | Trip |          |
        |     Loop Name     |   min   |   max   |  Latency |  achieved |   target  | Count| Pipelined|
        +-------------------+---------+---------+----------+-----------+-----------+------+----------+
        |- VITIS_LOOP_60_1  |        ?|        ?|         2|          -|          -|     ?|        no|
        +-------------------+---------+---------+----------+-----------+-----------+------+----------+

============================================================
+ Verbose Summary: Synthesis Manager
============================================================
InlineROM: 1
ExposeGlobal: 0
============================================================
+ Verbose Summary: CDFG Model
============================================================
IsTopModel: 0
ResetActiveHigh: 1
IsCombinational: 2
IsDatapathOnly: 0
HasWiredReturn: 1
HasMFsm: 0
HasVarLatency: 1
IsPipeline: 0
IsRtlPipelined: 0
IsInstanceOverlapped: 0
IsDontTouch: 0
HasImplIP: 0
IsGatedGlobalClock: 0


============================================================
+ Verbose Summary: Schedule
============================================================
* Number of FSM states : 72
* Pipeline : 0
* Dataflow Pipeline: 0

* FSM state transitions: 
1 --> 2 
2 --> 3 
3 --> 4 5 
4 --> 3 
5 --> 6 
6 --> 7 
7 --> 8 
8 --> 9 
9 --> 10 
10 --> 11 
11 --> 12 
12 --> 13 
13 --> 14 
14 --> 15 
15 --> 16 
16 --> 17 
17 --> 18 
18 --> 19 
19 --> 20 
20 --> 21 
21 --> 22 
22 --> 23 
23 --> 24 
24 --> 25 
25 --> 26 
26 --> 27 
27 --> 28 
28 --> 29 
29 --> 30 
30 --> 31 
31 --> 32 
32 --> 33 
33 --> 34 
34 --> 35 
35 --> 36 
36 --> 37 
37 --> 38 
38 --> 39 
39 --> 40 
40 --> 41 
41 --> 42 
42 --> 43 
43 --> 44 
44 --> 45 
45 --> 46 
46 --> 47 
47 --> 48 
48 --> 49 
49 --> 50 
50 --> 51 
51 --> 52 
52 --> 53 
53 --> 54 
54 --> 55 
55 --> 56 
56 --> 57 
57 --> 58 
58 --> 59 
59 --> 60 
60 --> 61 
61 --> 62 
62 --> 63 
63 --> 64 
64 --> 65 
65 --> 66 
66 --> 67 
67 --> 68 
68 --> 69 
69 --> 70 
70 --> 71 
71 --> 72 
72 --> 

* FSM state operations: 

State 1 <SV = 0> <Delay = 2.52>
ST_1 : Operation 73 [1/1] (0.00ns)   --->   "%i = alloca i32 1"   --->   Operation 73 'alloca' 'i' <Predicate = true> <Delay = 0.00>
ST_1 : Operation 74 [1/1] ( I:1.39ns O:1.39ns )   --->   "%size_1 = read i32 @_ssdm_op_Read.ap_fifo.i32P0A, i32 %size"   --->   Operation 74 'read' 'size_1' <Predicate = true> <Delay = 1.39> <CoreInst = "FIFO_SRL">   --->   Core 80 'FIFO_SRL' <Latency = 0> <II = 1> <Delay = 1.39> <Storage> <Opcode : 'read' 'write' 'nbread' 'nbwrite'> <Ports = 0> <Width = 32> <Depth = 2> <FIFO>
ST_1 : Operation 75 [1/1] ( I:1.41ns O:1.41ns )   --->   "%out_1 = read i64 @_ssdm_op_Read.ap_fifo.i64P0A, i64 %out_r"   --->   Operation 75 'read' 'out_1' <Predicate = true> <Delay = 1.41> <CoreInst = "FIFO_SRL">   --->   Core 80 'FIFO_SRL' <Latency = 0> <II = 1> <Delay = 1.41> <Storage> <Opcode : 'read' 'write' 'nbread' 'nbwrite'> <Ports = 0> <Width = 64> <Depth = 4> <FIFO>
ST_1 : Operation 76 [1/1] (0.88ns)   --->   "%icmp_ln60 = icmp_sgt  i32 %size_1, i32 0" [vadd.cpp:60]   --->   Operation 76 'icmp' 'icmp_ln60' <Predicate = true> <Delay = 0.88> <CoreInst = "Cmp">   --->   Core 9 'Cmp' <Latency = 0> <II = 1> <Delay = 0.88> <FuncUnit> <Opcode : 'seteq' 'setne' 'setle' 'setge' 'setlt' 'setgt'> <InPorts = 2> <OutPorts = 1>
ST_1 : Operation 77 [1/1] (0.00ns)   --->   "%trunc_ln60 = trunc i32 %size_1" [vadd.cpp:60]   --->   Operation 77 'trunc' 'trunc_ln60' <Predicate = true> <Delay = 0.00>
ST_1 : Operation 78 [1/1] (0.00ns)   --->   "%trunc_ln = partselect i62 @_ssdm_op_PartSelect.i62.i64.i32.i32, i64 %out_1, i32 2, i32 63" [vadd.cpp:60]   --->   Operation 78 'partselect' 'trunc_ln' <Predicate = true> <Delay = 0.00>
ST_1 : Operation 79 [1/1] (0.00ns)   --->   "%sext_ln60 = sext i62 %trunc_ln" [vadd.cpp:60]   --->   Operation 79 'sext' 'sext_ln60' <Predicate = true> <Delay = 0.00>
ST_1 : Operation 80 [1/1] (0.00ns)   --->   "%gmem0_addr = getelementptr i32 %gmem0, i64 %sext_ln60" [vadd.cpp:60]   --->   Operation 80 'getelementptr' 'gmem0_addr' <Predicate = true> <Delay = 0.00>
ST_1 : Operation 81 [1/1] (0.25ns)   --->   "%empty = select i1 %icmp_ln60, i31 %trunc_ln60, i31 0" [vadd.cpp:60]   --->   Operation 81 'select' 'empty' <Predicate = true> <Delay = 0.25> <CoreInst = "Sel">   --->   Core 73 'Sel' <Latency = 0> <II = 1> <Delay = 0.25> <FuncUnit> <Opcode : 'select'> <InPorts = 3> <OutPorts = 1>
ST_1 : Operation 82 [1/1] (0.38ns)   --->   "%store_ln0 = store i31 0, i31 %i"   --->   Operation 82 'store' 'store_ln0' <Predicate = true> <Delay = 0.38>

State 2 <SV = 1> <Delay = 7.30>
ST_2 : Operation 83 [1/1] (0.00ns)   --->   "%specinterface_ln0 = specinterface void @_ssdm_op_SpecInterface, i32 %size, void @ap_fifo_str, i32 0, i32 0, void @p_str, i32 0, i32 0, void @p_str, void @p_str, void @p_str, i32 2, i32 2, i32 16, i32 16, void @p_str, void @ScalarProp_str, i32 4294967295, i32 0, i32 0"   --->   Operation 83 'specinterface' 'specinterface_ln0' <Predicate = true> <Delay = 0.00>
ST_2 : Operation 84 [1/1] (0.00ns)   --->   "%specinterface_ln0 = specinterface void @_ssdm_op_SpecInterface, i64 %out_r, void @ap_fifo_str, i32 0, i32 0, void @p_str, i32 0, i32 0, void @p_str, void @p_str, void @p_str, i32 2, i32 2, i32 16, i32 16, void @p_str, void @ScalarProp_str, i32 4294967295, i32 0, i32 0"   --->   Operation 84 'specinterface' 'specinterface_ln0' <Predicate = true> <Delay = 0.00>
ST_2 : Operation 85 [1/1] (0.00ns)   --->   "%specinterface_ln0 = specinterface void @_ssdm_op_SpecInterface, i32 %out_stream, void @empty_9, i32 0, i32 0, void @empty_3, i32 0, i32 0, void @empty_3, void @empty_3, void @empty_3, i32 0, i32 0, i32 0, i32 0, void @empty_3, void @empty_3, i32 4294967295, i32 0, i32 0"   --->   Operation 85 'specinterface' 'specinterface_ln0' <Predicate = true> <Delay = 0.00>
ST_2 : Operation 86 [1/1] (0.00ns)   --->   "%specinterface_ln0 = specinterface void @_ssdm_op_SpecInterface, i32 %gmem0, void @empty_12, i32 0, i32 0, void @empty_3, i32 64, i32 0, void @empty_13, void @empty_14, void @empty_3, i32 16, i32 16, i32 16, i32 16, void @empty_3, void @empty_3, i32 4294967295, i32 0, i32 0"   --->   Operation 86 'specinterface' 'specinterface_ln0' <Predicate = true> <Delay = 0.00>
ST_2 : Operation 87 [1/1] (0.00ns)   --->   "%specpipeline_ln59 = specpipeline void @_ssdm_op_SpecPipeline, i32 1, i32 0, i32 0, i32 0, void @empty_3" [vadd.cpp:59]   --->   Operation 87 'specpipeline' 'specpipeline_ln59' <Predicate = true> <Delay = 0.00>
ST_2 : Operation 88 [1/1] (0.00ns)   --->   "%zext_ln60 = zext i31 %empty" [vadd.cpp:60]   --->   Operation 88 'zext' 'zext_ln60' <Predicate = true> <Delay = 0.00>
ST_2 : Operation 89 [1/1] (7.30ns)   --->   "%empty_31 = writereq i1 @_ssdm_op_WriteReq.m_axi.p1i32, i32 %gmem0_addr, i64 %zext_ln60" [vadd.cpp:60]   --->   Operation 89 'writereq' 'empty_31' <Predicate = true> <Delay = 7.30> <CoreInst = "m_axi">   --->   Core 119 'm_axi' <Latency = 9> <II = 1> <Delay = 1.00> <Adapter> <Opcode : 'read' 'write' 'readreq' 'writereq' 'writeresp'>
ST_2 : Operation 90 [1/1] (0.00ns)   --->   "%br_ln60 = br void %for.inc" [vadd.cpp:60]   --->   Operation 90 'br' 'br_ln60' <Predicate = true> <Delay = 0.00>

State 3 <SV = 2> <Delay = 2.27>
ST_3 : Operation 91 [1/1] (0.00ns)   --->   "%i_load = load i31 %i" [vadd.cpp:60]   --->   Operation 91 'load' 'i_load' <Predicate = true> <Delay = 0.00>
ST_3 : Operation 92 [1/1] (0.00ns)   --->   "%zext_ln60_1 = zext i31 %i_load" [vadd.cpp:60]   --->   Operation 92 'zext' 'zext_ln60_1' <Predicate = true> <Delay = 0.00>
ST_3 : Operation 93 [1/1] (0.88ns)   --->   "%icmp_ln60_1 = icmp_slt  i32 %zext_ln60_1, i32 %size_1" [vadd.cpp:60]   --->   Operation 93 'icmp' 'icmp_ln60_1' <Predicate = true> <Delay = 0.88> <CoreInst = "Cmp">   --->   Core 9 'Cmp' <Latency = 0> <II = 1> <Delay = 0.88> <FuncUnit> <Opcode : 'seteq' 'setne' 'setle' 'setge' 'setlt' 'setgt'> <InPorts = 2> <OutPorts = 1>
ST_3 : Operation 94 [1/1] (0.87ns)   --->   "%add_ln60 = add i31 %i_load, i31 1" [vadd.cpp:60]   --->   Operation 94 'add' 'add_ln60' <Predicate = true> <Delay = 0.87> <CoreInst = "Adder">   --->   Core 1 'Adder' <Latency = 0> <II = 1> <Delay = 0.87> <FuncUnit> <Opcode : 'add' 'sub'> <InPorts = 2> <OutPorts = 1>
ST_3 : Operation 95 [1/1] (0.00ns)   --->   "%br_ln60 = br i1 %icmp_ln60_1, void %for.end.loopexit, void %for.inc.split" [vadd.cpp:60]   --->   Operation 95 'br' 'br_ln60' <Predicate = true> <Delay = 0.00>
ST_3 : Operation 96 [1/1] ( I:1.39ns O:1.39ns )   --->   "%out_stream_read = read i32 @_ssdm_op_Read.ap_fifo.volatile.i32P0A, i32 %out_stream" [vadd.cpp:61]   --->   Operation 96 'read' 'out_stream_read' <Predicate = (icmp_ln60_1)> <Delay = 1.39> <CoreInst = "FIFO_SRL">   --->   Core 80 'FIFO_SRL' <Latency = 0> <II = 1> <Delay = 1.39> <Storage> <Opcode : 'read' 'write' 'nbread' 'nbwrite'> <Ports = 0> <Width = 32> <Depth = 2> <FIFO>
ST_3 : Operation 97 [1/1] (0.38ns)   --->   "%store_ln60 = store i31 %add_ln60, i31 %i" [vadd.cpp:60]   --->   Operation 97 'store' 'store_ln60' <Predicate = (icmp_ln60_1)> <Delay = 0.38>

State 4 <SV = 3> <Delay = 7.30>
ST_4 : Operation 98 [1/1] (0.00ns)   --->   "%specloopname_ln60 = specloopname void @_ssdm_op_SpecLoopName, void @empty_4" [vadd.cpp:60]   --->   Operation 98 'specloopname' 'specloopname_ln60' <Predicate = true> <Delay = 0.00>
ST_4 : Operation 99 [1/1] (7.30ns)   --->   "%write_ln61 = write void @_ssdm_op_Write.m_axi.p1i32, i32 %gmem0_addr, i32 %out_stream_read, i4 15" [vadd.cpp:61]   --->   Operation 99 'write' 'write_ln61' <Predicate = true> <Delay = 7.30> <CoreInst = "m_axi">   --->   Core 119 'm_axi' <Latency = 5> <II = 1> <Delay = 1.00> <Adapter> <Opcode : 'read' 'write' 'readreq' 'writereq' 'writeresp'>
ST_4 : Operation 100 [1/1] (0.00ns)   --->   "%br_ln60 = br void %for.inc" [vadd.cpp:60]   --->   Operation 100 'br' 'br_ln60' <Predicate = true> <Delay = 0.00>

State 5 <SV = 3> <Delay = 7.30>
ST_5 : Operation 101 [68/68] (7.30ns)   --->   "%empty_32 = writeresp i1 @_ssdm_op_WriteResp.m_axi.p1i32, i32 %gmem0_addr" [vadd.cpp:63]   --->   Operation 101 'writeresp' 'empty_32' <Predicate = true> <Delay = 7.30> <CoreInst = "m_axi">   --->   Core 119 'm_axi' <Latency = 3> <II = 1> <Delay = 1.00> <Adapter> <Opcode : 'read' 'write' 'readreq' 'writereq' 'writeresp'>

State 6 <SV = 4> <Delay = 7.30>
ST_6 : Operation 102 [67/68] (7.30ns)   --->   "%empty_32 = writeresp i1 @_ssdm_op_WriteResp.m_axi.p1i32, i32 %gmem0_addr" [vadd.cpp:63]   --->   Operation 102 'writeresp' 'empty_32' <Predicate = true> <Delay = 7.30> <CoreInst = "m_axi">   --->   Core 119 'm_axi' <Latency = 3> <II = 1> <Delay = 1.00> <Adapter> <Opcode : 'read' 'write' 'readreq' 'writereq' 'writeresp'>

State 7 <SV = 5> <Delay = 7.30>
ST_7 : Operation 103 [66/68] (7.30ns)   --->   "%empty_32 = writeresp i1 @_ssdm_op_WriteResp.m_axi.p1i32, i32 %gmem0_addr" [vadd.cpp:63]   --->   Operation 103 'writeresp' 'empty_32' <Predicate = true> <Delay = 7.30> <CoreInst = "m_axi">   --->   Core 119 'm_axi' <Latency = 3> <II = 1> <Delay = 1.00> <Adapter> <Opcode : 'read' 'write' 'readreq' 'writereq' 'writeresp'>

State 8 <SV = 6> <Delay = 7.30>
ST_8 : Operation 104 [65/68] (7.30ns)   --->   "%empty_32 = writeresp i1 @_ssdm_op_WriteResp.m_axi.p1i32, i32 %gmem0_addr" [vadd.cpp:63]   --->   Operation 104 'writeresp' 'empty_32' <Predicate = true> <Delay = 7.30> <CoreInst = "m_axi">   --->   Core 119 'm_axi' <Latency = 3> <II = 1> <Delay = 1.00> <Adapter> <Opcode : 'read' 'write' 'readreq' 'writereq' 'writeresp'>

State 9 <SV = 7> <Delay = 7.30>
ST_9 : Operation 105 [64/68] (7.30ns)   --->   "%empty_32 = writeresp i1 @_ssdm_op_WriteResp.m_axi.p1i32, i32 %gmem0_addr" [vadd.cpp:63]   --->   Operation 105 'writeresp' 'empty_32' <Predicate = true> <Delay = 7.30> <CoreInst = "m_axi">   --->   Core 119 'm_axi' <Latency = 3> <II = 1> <Delay = 1.00> <Adapter> <Opcode : 'read' 'write' 'readreq' 'writereq' 'writeresp'>

State 10 <SV = 8> <Delay = 7.30>
ST_10 : Operation 106 [63/68] (7.30ns)   --->   "%empty_32 = writeresp i1 @_ssdm_op_WriteResp.m_axi.p1i32, i32 %gmem0_addr" [vadd.cpp:63]   --->   Operation 106 'writeresp' 'empty_32' <Predicate = true> <Delay = 7.30> <CoreInst = "m_axi">   --->   Core 119 'm_axi' <Latency = 3> <II = 1> <Delay = 1.00> <Adapter> <Opcode : 'read' 'write' 'readreq' 'writereq' 'writeresp'>

State 11 <SV = 9> <Delay = 7.30>
ST_11 : Operation 107 [62/68] (7.30ns)   --->   "%empty_32 = writeresp i1 @_ssdm_op_WriteResp.m_axi.p1i32, i32 %gmem0_addr" [vadd.cpp:63]   --->   Operation 107 'writeresp' 'empty_32' <Predicate = true> <Delay = 7.30> <CoreInst = "m_axi">   --->   Core 119 'm_axi' <Latency = 3> <II = 1> <Delay = 1.00> <Adapter> <Opcode : 'read' 'write' 'readreq' 'writereq' 'writeresp'>

State 12 <SV = 10> <Delay = 7.30>
ST_12 : Operation 108 [61/68] (7.30ns)   --->   "%empty_32 = writeresp i1 @_ssdm_op_WriteResp.m_axi.p1i32, i32 %gmem0_addr" [vadd.cpp:63]   --->   Operation 108 'writeresp' 'empty_32' <Predicate = true> <Delay = 7.30> <CoreInst = "m_axi">   --->   Core 119 'm_axi' <Latency = 3> <II = 1> <Delay = 1.00> <Adapter> <Opcode : 'read' 'write' 'readreq' 'writereq' 'writeresp'>

State 13 <SV = 11> <Delay = 7.30>
ST_13 : Operation 109 [60/68] (7.30ns)   --->   "%empty_32 = writeresp i1 @_ssdm_op_WriteResp.m_axi.p1i32, i32 %gmem0_addr" [vadd.cpp:63]   --->   Operation 109 'writeresp' 'empty_32' <Predicate = true> <Delay = 7.30> <CoreInst = "m_axi">   --->   Core 119 'm_axi' <Latency = 3> <II = 1> <Delay = 1.00> <Adapter> <Opcode : 'read' 'write' 'readreq' 'writereq' 'writeresp'>

State 14 <SV = 12> <Delay = 7.30>
ST_14 : Operation 110 [59/68] (7.30ns)   --->   "%empty_32 = writeresp i1 @_ssdm_op_WriteResp.m_axi.p1i32, i32 %gmem0_addr" [vadd.cpp:63]   --->   Operation 110 'writeresp' 'empty_32' <Predicate = true> <Delay = 7.30> <CoreInst = "m_axi">   --->   Core 119 'm_axi' <Latency = 3> <II = 1> <Delay = 1.00> <Adapter> <Opcode : 'read' 'write' 'readreq' 'writereq' 'writeresp'>

State 15 <SV = 13> <Delay = 7.30>
ST_15 : Operation 111 [58/68] (7.30ns)   --->   "%empty_32 = writeresp i1 @_ssdm_op_WriteResp.m_axi.p1i32, i32 %gmem0_addr" [vadd.cpp:63]   --->   Operation 111 'writeresp' 'empty_32' <Predicate = true> <Delay = 7.30> <CoreInst = "m_axi">   --->   Core 119 'm_axi' <Latency = 3> <II = 1> <Delay = 1.00> <Adapter> <Opcode : 'read' 'write' 'readreq' 'writereq' 'writeresp'>

State 16 <SV = 14> <Delay = 7.30>
ST_16 : Operation 112 [57/68] (7.30ns)   --->   "%empty_32 = writeresp i1 @_ssdm_op_WriteResp.m_axi.p1i32, i32 %gmem0_addr" [vadd.cpp:63]   --->   Operation 112 'writeresp' 'empty_32' <Predicate = true> <Delay = 7.30> <CoreInst = "m_axi">   --->   Core 119 'm_axi' <Latency = 3> <II = 1> <Delay = 1.00> <Adapter> <Opcode : 'read' 'write' 'readreq' 'writereq' 'writeresp'>

State 17 <SV = 15> <Delay = 7.30>
ST_17 : Operation 113 [56/68] (7.30ns)   --->   "%empty_32 = writeresp i1 @_ssdm_op_WriteResp.m_axi.p1i32, i32 %gmem0_addr" [vadd.cpp:63]   --->   Operation 113 'writeresp' 'empty_32' <Predicate = true> <Delay = 7.30> <CoreInst = "m_axi">   --->   Core 119 'm_axi' <Latency = 3> <II = 1> <Delay = 1.00> <Adapter> <Opcode : 'read' 'write' 'readreq' 'writereq' 'writeresp'>

State 18 <SV = 16> <Delay = 7.30>
ST_18 : Operation 114 [55/68] (7.30ns)   --->   "%empty_32 = writeresp i1 @_ssdm_op_WriteResp.m_axi.p1i32, i32 %gmem0_addr" [vadd.cpp:63]   --->   Operation 114 'writeresp' 'empty_32' <Predicate = true> <Delay = 7.30> <CoreInst = "m_axi">   --->   Core 119 'm_axi' <Latency = 3> <II = 1> <Delay = 1.00> <Adapter> <Opcode : 'read' 'write' 'readreq' 'writereq' 'writeresp'>

State 19 <SV = 17> <Delay = 7.30>
ST_19 : Operation 115 [54/68] (7.30ns)   --->   "%empty_32 = writeresp i1 @_ssdm_op_WriteResp.m_axi.p1i32, i32 %gmem0_addr" [vadd.cpp:63]   --->   Operation 115 'writeresp' 'empty_32' <Predicate = true> <Delay = 7.30> <CoreInst = "m_axi">   --->   Core 119 'm_axi' <Latency = 3> <II = 1> <Delay = 1.00> <Adapter> <Opcode : 'read' 'write' 'readreq' 'writereq' 'writeresp'>

State 20 <SV = 18> <Delay = 7.30>
ST_20 : Operation 116 [53/68] (7.30ns)   --->   "%empty_32 = writeresp i1 @_ssdm_op_WriteResp.m_axi.p1i32, i32 %gmem0_addr" [vadd.cpp:63]   --->   Operation 116 'writeresp' 'empty_32' <Predicate = true> <Delay = 7.30> <CoreInst = "m_axi">   --->   Core 119 'm_axi' <Latency = 3> <II = 1> <Delay = 1.00> <Adapter> <Opcode : 'read' 'write' 'readreq' 'writereq' 'writeresp'>

State 21 <SV = 19> <Delay = 7.30>
ST_21 : Operation 117 [52/68] (7.30ns)   --->   "%empty_32 = writeresp i1 @_ssdm_op_WriteResp.m_axi.p1i32, i32 %gmem0_addr" [vadd.cpp:63]   --->   Operation 117 'writeresp' 'empty_32' <Predicate = true> <Delay = 7.30> <CoreInst = "m_axi">   --->   Core 119 'm_axi' <Latency = 3> <II = 1> <Delay = 1.00> <Adapter> <Opcode : 'read' 'write' 'readreq' 'writereq' 'writeresp'>

State 22 <SV = 20> <Delay = 7.30>
ST_22 : Operation 118 [51/68] (7.30ns)   --->   "%empty_32 = writeresp i1 @_ssdm_op_WriteResp.m_axi.p1i32, i32 %gmem0_addr" [vadd.cpp:63]   --->   Operation 118 'writeresp' 'empty_32' <Predicate = true> <Delay = 7.30> <CoreInst = "m_axi">   --->   Core 119 'm_axi' <Latency = 3> <II = 1> <Delay = 1.00> <Adapter> <Opcode : 'read' 'write' 'readreq' 'writereq' 'writeresp'>

State 23 <SV = 21> <Delay = 7.30>
ST_23 : Operation 119 [50/68] (7.30ns)   --->   "%empty_32 = writeresp i1 @_ssdm_op_WriteResp.m_axi.p1i32, i32 %gmem0_addr" [vadd.cpp:63]   --->   Operation 119 'writeresp' 'empty_32' <Predicate = true> <Delay = 7.30> <CoreInst = "m_axi">   --->   Core 119 'm_axi' <Latency = 3> <II = 1> <Delay = 1.00> <Adapter> <Opcode : 'read' 'write' 'readreq' 'writereq' 'writeresp'>

State 24 <SV = 22> <Delay = 7.30>
ST_24 : Operation 120 [49/68] (7.30ns)   --->   "%empty_32 = writeresp i1 @_ssdm_op_WriteResp.m_axi.p1i32, i32 %gmem0_addr" [vadd.cpp:63]   --->   Operation 120 'writeresp' 'empty_32' <Predicate = true> <Delay = 7.30> <CoreInst = "m_axi">   --->   Core 119 'm_axi' <Latency = 3> <II = 1> <Delay = 1.00> <Adapter> <Opcode : 'read' 'write' 'readreq' 'writereq' 'writeresp'>

State 25 <SV = 23> <Delay = 7.30>
ST_25 : Operation 121 [48/68] (7.30ns)   --->   "%empty_32 = writeresp i1 @_ssdm_op_WriteResp.m_axi.p1i32, i32 %gmem0_addr" [vadd.cpp:63]   --->   Operation 121 'writeresp' 'empty_32' <Predicate = true> <Delay = 7.30> <CoreInst = "m_axi">   --->   Core 119 'm_axi' <Latency = 3> <II = 1> <Delay = 1.00> <Adapter> <Opcode : 'read' 'write' 'readreq' 'writereq' 'writeresp'>

State 26 <SV = 24> <Delay = 7.30>
ST_26 : Operation 122 [47/68] (7.30ns)   --->   "%empty_32 = writeresp i1 @_ssdm_op_WriteResp.m_axi.p1i32, i32 %gmem0_addr" [vadd.cpp:63]   --->   Operation 122 'writeresp' 'empty_32' <Predicate = true> <Delay = 7.30> <CoreInst = "m_axi">   --->   Core 119 'm_axi' <Latency = 3> <II = 1> <Delay = 1.00> <Adapter> <Opcode : 'read' 'write' 'readreq' 'writereq' 'writeresp'>

State 27 <SV = 25> <Delay = 7.30>
ST_27 : Operation 123 [46/68] (7.30ns)   --->   "%empty_32 = writeresp i1 @_ssdm_op_WriteResp.m_axi.p1i32, i32 %gmem0_addr" [vadd.cpp:63]   --->   Operation 123 'writeresp' 'empty_32' <Predicate = true> <Delay = 7.30> <CoreInst = "m_axi">   --->   Core 119 'm_axi' <Latency = 3> <II = 1> <Delay = 1.00> <Adapter> <Opcode : 'read' 'write' 'readreq' 'writereq' 'writeresp'>

State 28 <SV = 26> <Delay = 7.30>
ST_28 : Operation 124 [45/68] (7.30ns)   --->   "%empty_32 = writeresp i1 @_ssdm_op_WriteResp.m_axi.p1i32, i32 %gmem0_addr" [vadd.cpp:63]   --->   Operation 124 'writeresp' 'empty_32' <Predicate = true> <Delay = 7.30> <CoreInst = "m_axi">   --->   Core 119 'm_axi' <Latency = 3> <II = 1> <Delay = 1.00> <Adapter> <Opcode : 'read' 'write' 'readreq' 'writereq' 'writeresp'>

State 29 <SV = 27> <Delay = 7.30>
ST_29 : Operation 125 [44/68] (7.30ns)   --->   "%empty_32 = writeresp i1 @_ssdm_op_WriteResp.m_axi.p1i32, i32 %gmem0_addr" [vadd.cpp:63]   --->   Operation 125 'writeresp' 'empty_32' <Predicate = true> <Delay = 7.30> <CoreInst = "m_axi">   --->   Core 119 'm_axi' <Latency = 3> <II = 1> <Delay = 1.00> <Adapter> <Opcode : 'read' 'write' 'readreq' 'writereq' 'writeresp'>

State 30 <SV = 28> <Delay = 7.30>
ST_30 : Operation 126 [43/68] (7.30ns)   --->   "%empty_32 = writeresp i1 @_ssdm_op_WriteResp.m_axi.p1i32, i32 %gmem0_addr" [vadd.cpp:63]   --->   Operation 126 'writeresp' 'empty_32' <Predicate = true> <Delay = 7.30> <CoreInst = "m_axi">   --->   Core 119 'm_axi' <Latency = 3> <II = 1> <Delay = 1.00> <Adapter> <Opcode : 'read' 'write' 'readreq' 'writereq' 'writeresp'>

State 31 <SV = 29> <Delay = 7.30>
ST_31 : Operation 127 [42/68] (7.30ns)   --->   "%empty_32 = writeresp i1 @_ssdm_op_WriteResp.m_axi.p1i32, i32 %gmem0_addr" [vadd.cpp:63]   --->   Operation 127 'writeresp' 'empty_32' <Predicate = true> <Delay = 7.30> <CoreInst = "m_axi">   --->   Core 119 'm_axi' <Latency = 3> <II = 1> <Delay = 1.00> <Adapter> <Opcode : 'read' 'write' 'readreq' 'writereq' 'writeresp'>

State 32 <SV = 30> <Delay = 7.30>
ST_32 : Operation 128 [41/68] (7.30ns)   --->   "%empty_32 = writeresp i1 @_ssdm_op_WriteResp.m_axi.p1i32, i32 %gmem0_addr" [vadd.cpp:63]   --->   Operation 128 'writeresp' 'empty_32' <Predicate = true> <Delay = 7.30> <CoreInst = "m_axi">   --->   Core 119 'm_axi' <Latency = 3> <II = 1> <Delay = 1.00> <Adapter> <Opcode : 'read' 'write' 'readreq' 'writereq' 'writeresp'>

State 33 <SV = 31> <Delay = 7.30>
ST_33 : Operation 129 [40/68] (7.30ns)   --->   "%empty_32 = writeresp i1 @_ssdm_op_WriteResp.m_axi.p1i32, i32 %gmem0_addr" [vadd.cpp:63]   --->   Operation 129 'writeresp' 'empty_32' <Predicate = true> <Delay = 7.30> <CoreInst = "m_axi">   --->   Core 119 'm_axi' <Latency = 3> <II = 1> <Delay = 1.00> <Adapter> <Opcode : 'read' 'write' 'readreq' 'writereq' 'writeresp'>

State 34 <SV = 32> <Delay = 7.30>
ST_34 : Operation 130 [39/68] (7.30ns)   --->   "%empty_32 = writeresp i1 @_ssdm_op_WriteResp.m_axi.p1i32, i32 %gmem0_addr" [vadd.cpp:63]   --->   Operation 130 'writeresp' 'empty_32' <Predicate = true> <Delay = 7.30> <CoreInst = "m_axi">   --->   Core 119 'm_axi' <Latency = 3> <II = 1> <Delay = 1.00> <Adapter> <Opcode : 'read' 'write' 'readreq' 'writereq' 'writeresp'>

State 35 <SV = 33> <Delay = 7.30>
ST_35 : Operation 131 [38/68] (7.30ns)   --->   "%empty_32 = writeresp i1 @_ssdm_op_WriteResp.m_axi.p1i32, i32 %gmem0_addr" [vadd.cpp:63]   --->   Operation 131 'writeresp' 'empty_32' <Predicate = true> <Delay = 7.30> <CoreInst = "m_axi">   --->   Core 119 'm_axi' <Latency = 3> <II = 1> <Delay = 1.00> <Adapter> <Opcode : 'read' 'write' 'readreq' 'writereq' 'writeresp'>

State 36 <SV = 34> <Delay = 7.30>
ST_36 : Operation 132 [37/68] (7.30ns)   --->   "%empty_32 = writeresp i1 @_ssdm_op_WriteResp.m_axi.p1i32, i32 %gmem0_addr" [vadd.cpp:63]   --->   Operation 132 'writeresp' 'empty_32' <Predicate = true> <Delay = 7.30> <CoreInst = "m_axi">   --->   Core 119 'm_axi' <Latency = 3> <II = 1> <Delay = 1.00> <Adapter> <Opcode : 'read' 'write' 'readreq' 'writereq' 'writeresp'>

State 37 <SV = 35> <Delay = 7.30>
ST_37 : Operation 133 [36/68] (7.30ns)   --->   "%empty_32 = writeresp i1 @_ssdm_op_WriteResp.m_axi.p1i32, i32 %gmem0_addr" [vadd.cpp:63]   --->   Operation 133 'writeresp' 'empty_32' <Predicate = true> <Delay = 7.30> <CoreInst = "m_axi">   --->   Core 119 'm_axi' <Latency = 3> <II = 1> <Delay = 1.00> <Adapter> <Opcode : 'read' 'write' 'readreq' 'writereq' 'writeresp'>

State 38 <SV = 36> <Delay = 7.30>
ST_38 : Operation 134 [35/68] (7.30ns)   --->   "%empty_32 = writeresp i1 @_ssdm_op_WriteResp.m_axi.p1i32, i32 %gmem0_addr" [vadd.cpp:63]   --->   Operation 134 'writeresp' 'empty_32' <Predicate = true> <Delay = 7.30> <CoreInst = "m_axi">   --->   Core 119 'm_axi' <Latency = 3> <II = 1> <Delay = 1.00> <Adapter> <Opcode : 'read' 'write' 'readreq' 'writereq' 'writeresp'>

State 39 <SV = 37> <Delay = 7.30>
ST_39 : Operation 135 [34/68] (7.30ns)   --->   "%empty_32 = writeresp i1 @_ssdm_op_WriteResp.m_axi.p1i32, i32 %gmem0_addr" [vadd.cpp:63]   --->   Operation 135 'writeresp' 'empty_32' <Predicate = true> <Delay = 7.30> <CoreInst = "m_axi">   --->   Core 119 'm_axi' <Latency = 3> <II = 1> <Delay = 1.00> <Adapter> <Opcode : 'read' 'write' 'readreq' 'writereq' 'writeresp'>

State 40 <SV = 38> <Delay = 7.30>
ST_40 : Operation 136 [33/68] (7.30ns)   --->   "%empty_32 = writeresp i1 @_ssdm_op_WriteResp.m_axi.p1i32, i32 %gmem0_addr" [vadd.cpp:63]   --->   Operation 136 'writeresp' 'empty_32' <Predicate = true> <Delay = 7.30> <CoreInst = "m_axi">   --->   Core 119 'm_axi' <Latency = 3> <II = 1> <Delay = 1.00> <Adapter> <Opcode : 'read' 'write' 'readreq' 'writereq' 'writeresp'>

State 41 <SV = 39> <Delay = 7.30>
ST_41 : Operation 137 [32/68] (7.30ns)   --->   "%empty_32 = writeresp i1 @_ssdm_op_WriteResp.m_axi.p1i32, i32 %gmem0_addr" [vadd.cpp:63]   --->   Operation 137 'writeresp' 'empty_32' <Predicate = true> <Delay = 7.30> <CoreInst = "m_axi">   --->   Core 119 'm_axi' <Latency = 3> <II = 1> <Delay = 1.00> <Adapter> <Opcode : 'read' 'write' 'readreq' 'writereq' 'writeresp'>

State 42 <SV = 40> <Delay = 7.30>
ST_42 : Operation 138 [31/68] (7.30ns)   --->   "%empty_32 = writeresp i1 @_ssdm_op_WriteResp.m_axi.p1i32, i32 %gmem0_addr" [vadd.cpp:63]   --->   Operation 138 'writeresp' 'empty_32' <Predicate = true> <Delay = 7.30> <CoreInst = "m_axi">   --->   Core 119 'm_axi' <Latency = 3> <II = 1> <Delay = 1.00> <Adapter> <Opcode : 'read' 'write' 'readreq' 'writereq' 'writeresp'>

State 43 <SV = 41> <Delay = 7.30>
ST_43 : Operation 139 [30/68] (7.30ns)   --->   "%empty_32 = writeresp i1 @_ssdm_op_WriteResp.m_axi.p1i32, i32 %gmem0_addr" [vadd.cpp:63]   --->   Operation 139 'writeresp' 'empty_32' <Predicate = true> <Delay = 7.30> <CoreInst = "m_axi">   --->   Core 119 'm_axi' <Latency = 3> <II = 1> <Delay = 1.00> <Adapter> <Opcode : 'read' 'write' 'readreq' 'writereq' 'writeresp'>

State 44 <SV = 42> <Delay = 7.30>
ST_44 : Operation 140 [29/68] (7.30ns)   --->   "%empty_32 = writeresp i1 @_ssdm_op_WriteResp.m_axi.p1i32, i32 %gmem0_addr" [vadd.cpp:63]   --->   Operation 140 'writeresp' 'empty_32' <Predicate = true> <Delay = 7.30> <CoreInst = "m_axi">   --->   Core 119 'm_axi' <Latency = 3> <II = 1> <Delay = 1.00> <Adapter> <Opcode : 'read' 'write' 'readreq' 'writereq' 'writeresp'>

State 45 <SV = 43> <Delay = 7.30>
ST_45 : Operation 141 [28/68] (7.30ns)   --->   "%empty_32 = writeresp i1 @_ssdm_op_WriteResp.m_axi.p1i32, i32 %gmem0_addr" [vadd.cpp:63]   --->   Operation 141 'writeresp' 'empty_32' <Predicate = true> <Delay = 7.30> <CoreInst = "m_axi">   --->   Core 119 'm_axi' <Latency = 3> <II = 1> <Delay = 1.00> <Adapter> <Opcode : 'read' 'write' 'readreq' 'writereq' 'writeresp'>

State 46 <SV = 44> <Delay = 7.30>
ST_46 : Operation 142 [27/68] (7.30ns)   --->   "%empty_32 = writeresp i1 @_ssdm_op_WriteResp.m_axi.p1i32, i32 %gmem0_addr" [vadd.cpp:63]   --->   Operation 142 'writeresp' 'empty_32' <Predicate = true> <Delay = 7.30> <CoreInst = "m_axi">   --->   Core 119 'm_axi' <Latency = 3> <II = 1> <Delay = 1.00> <Adapter> <Opcode : 'read' 'write' 'readreq' 'writereq' 'writeresp'>

State 47 <SV = 45> <Delay = 7.30>
ST_47 : Operation 143 [26/68] (7.30ns)   --->   "%empty_32 = writeresp i1 @_ssdm_op_WriteResp.m_axi.p1i32, i32 %gmem0_addr" [vadd.cpp:63]   --->   Operation 143 'writeresp' 'empty_32' <Predicate = true> <Delay = 7.30> <CoreInst = "m_axi">   --->   Core 119 'm_axi' <Latency = 3> <II = 1> <Delay = 1.00> <Adapter> <Opcode : 'read' 'write' 'readreq' 'writereq' 'writeresp'>

State 48 <SV = 46> <Delay = 7.30>
ST_48 : Operation 144 [25/68] (7.30ns)   --->   "%empty_32 = writeresp i1 @_ssdm_op_WriteResp.m_axi.p1i32, i32 %gmem0_addr" [vadd.cpp:63]   --->   Operation 144 'writeresp' 'empty_32' <Predicate = true> <Delay = 7.30> <CoreInst = "m_axi">   --->   Core 119 'm_axi' <Latency = 3> <II = 1> <Delay = 1.00> <Adapter> <Opcode : 'read' 'write' 'readreq' 'writereq' 'writeresp'>

State 49 <SV = 47> <Delay = 7.30>
ST_49 : Operation 145 [24/68] (7.30ns)   --->   "%empty_32 = writeresp i1 @_ssdm_op_WriteResp.m_axi.p1i32, i32 %gmem0_addr" [vadd.cpp:63]   --->   Operation 145 'writeresp' 'empty_32' <Predicate = true> <Delay = 7.30> <CoreInst = "m_axi">   --->   Core 119 'm_axi' <Latency = 3> <II = 1> <Delay = 1.00> <Adapter> <Opcode : 'read' 'write' 'readreq' 'writereq' 'writeresp'>

State 50 <SV = 48> <Delay = 7.30>
ST_50 : Operation 146 [23/68] (7.30ns)   --->   "%empty_32 = writeresp i1 @_ssdm_op_WriteResp.m_axi.p1i32, i32 %gmem0_addr" [vadd.cpp:63]   --->   Operation 146 'writeresp' 'empty_32' <Predicate = true> <Delay = 7.30> <CoreInst = "m_axi">   --->   Core 119 'm_axi' <Latency = 3> <II = 1> <Delay = 1.00> <Adapter> <Opcode : 'read' 'write' 'readreq' 'writereq' 'writeresp'>

State 51 <SV = 49> <Delay = 7.30>
ST_51 : Operation 147 [22/68] (7.30ns)   --->   "%empty_32 = writeresp i1 @_ssdm_op_WriteResp.m_axi.p1i32, i32 %gmem0_addr" [vadd.cpp:63]   --->   Operation 147 'writeresp' 'empty_32' <Predicate = true> <Delay = 7.30> <CoreInst = "m_axi">   --->   Core 119 'm_axi' <Latency = 3> <II = 1> <Delay = 1.00> <Adapter> <Opcode : 'read' 'write' 'readreq' 'writereq' 'writeresp'>

State 52 <SV = 50> <Delay = 7.30>
ST_52 : Operation 148 [21/68] (7.30ns)   --->   "%empty_32 = writeresp i1 @_ssdm_op_WriteResp.m_axi.p1i32, i32 %gmem0_addr" [vadd.cpp:63]   --->   Operation 148 'writeresp' 'empty_32' <Predicate = true> <Delay = 7.30> <CoreInst = "m_axi">   --->   Core 119 'm_axi' <Latency = 3> <II = 1> <Delay = 1.00> <Adapter> <Opcode : 'read' 'write' 'readreq' 'writereq' 'writeresp'>

State 53 <SV = 51> <Delay = 7.30>
ST_53 : Operation 149 [20/68] (7.30ns)   --->   "%empty_32 = writeresp i1 @_ssdm_op_WriteResp.m_axi.p1i32, i32 %gmem0_addr" [vadd.cpp:63]   --->   Operation 149 'writeresp' 'empty_32' <Predicate = true> <Delay = 7.30> <CoreInst = "m_axi">   --->   Core 119 'm_axi' <Latency = 3> <II = 1> <Delay = 1.00> <Adapter> <Opcode : 'read' 'write' 'readreq' 'writereq' 'writeresp'>

State 54 <SV = 52> <Delay = 7.30>
ST_54 : Operation 150 [19/68] (7.30ns)   --->   "%empty_32 = writeresp i1 @_ssdm_op_WriteResp.m_axi.p1i32, i32 %gmem0_addr" [vadd.cpp:63]   --->   Operation 150 'writeresp' 'empty_32' <Predicate = true> <Delay = 7.30> <CoreInst = "m_axi">   --->   Core 119 'm_axi' <Latency = 3> <II = 1> <Delay = 1.00> <Adapter> <Opcode : 'read' 'write' 'readreq' 'writereq' 'writeresp'>

State 55 <SV = 53> <Delay = 7.30>
ST_55 : Operation 151 [18/68] (7.30ns)   --->   "%empty_32 = writeresp i1 @_ssdm_op_WriteResp.m_axi.p1i32, i32 %gmem0_addr" [vadd.cpp:63]   --->   Operation 151 'writeresp' 'empty_32' <Predicate = true> <Delay = 7.30> <CoreInst = "m_axi">   --->   Core 119 'm_axi' <Latency = 3> <II = 1> <Delay = 1.00> <Adapter> <Opcode : 'read' 'write' 'readreq' 'writereq' 'writeresp'>

State 56 <SV = 54> <Delay = 7.30>
ST_56 : Operation 152 [17/68] (7.30ns)   --->   "%empty_32 = writeresp i1 @_ssdm_op_WriteResp.m_axi.p1i32, i32 %gmem0_addr" [vadd.cpp:63]   --->   Operation 152 'writeresp' 'empty_32' <Predicate = true> <Delay = 7.30> <CoreInst = "m_axi">   --->   Core 119 'm_axi' <Latency = 3> <II = 1> <Delay = 1.00> <Adapter> <Opcode : 'read' 'write' 'readreq' 'writereq' 'writeresp'>

State 57 <SV = 55> <Delay = 7.30>
ST_57 : Operation 153 [16/68] (7.30ns)   --->   "%empty_32 = writeresp i1 @_ssdm_op_WriteResp.m_axi.p1i32, i32 %gmem0_addr" [vadd.cpp:63]   --->   Operation 153 'writeresp' 'empty_32' <Predicate = true> <Delay = 7.30> <CoreInst = "m_axi">   --->   Core 119 'm_axi' <Latency = 3> <II = 1> <Delay = 1.00> <Adapter> <Opcode : 'read' 'write' 'readreq' 'writereq' 'writeresp'>

State 58 <SV = 56> <Delay = 7.30>
ST_58 : Operation 154 [15/68] (7.30ns)   --->   "%empty_32 = writeresp i1 @_ssdm_op_WriteResp.m_axi.p1i32, i32 %gmem0_addr" [vadd.cpp:63]   --->   Operation 154 'writeresp' 'empty_32' <Predicate = true> <Delay = 7.30> <CoreInst = "m_axi">   --->   Core 119 'm_axi' <Latency = 3> <II = 1> <Delay = 1.00> <Adapter> <Opcode : 'read' 'write' 'readreq' 'writereq' 'writeresp'>

State 59 <SV = 57> <Delay = 7.30>
ST_59 : Operation 155 [14/68] (7.30ns)   --->   "%empty_32 = writeresp i1 @_ssdm_op_WriteResp.m_axi.p1i32, i32 %gmem0_addr" [vadd.cpp:63]   --->   Operation 155 'writeresp' 'empty_32' <Predicate = true> <Delay = 7.30> <CoreInst = "m_axi">   --->   Core 119 'm_axi' <Latency = 3> <II = 1> <Delay = 1.00> <Adapter> <Opcode : 'read' 'write' 'readreq' 'writereq' 'writeresp'>

State 60 <SV = 58> <Delay = 7.30>
ST_60 : Operation 156 [13/68] (7.30ns)   --->   "%empty_32 = writeresp i1 @_ssdm_op_WriteResp.m_axi.p1i32, i32 %gmem0_addr" [vadd.cpp:63]   --->   Operation 156 'writeresp' 'empty_32' <Predicate = true> <Delay = 7.30> <CoreInst = "m_axi">   --->   Core 119 'm_axi' <Latency = 3> <II = 1> <Delay = 1.00> <Adapter> <Opcode : 'read' 'write' 'readreq' 'writereq' 'writeresp'>

State 61 <SV = 59> <Delay = 7.30>
ST_61 : Operation 157 [12/68] (7.30ns)   --->   "%empty_32 = writeresp i1 @_ssdm_op_WriteResp.m_axi.p1i32, i32 %gmem0_addr" [vadd.cpp:63]   --->   Operation 157 'writeresp' 'empty_32' <Predicate = true> <Delay = 7.30> <CoreInst = "m_axi">   --->   Core 119 'm_axi' <Latency = 3> <II = 1> <Delay = 1.00> <Adapter> <Opcode : 'read' 'write' 'readreq' 'writereq' 'writeresp'>

State 62 <SV = 60> <Delay = 7.30>
ST_62 : Operation 158 [11/68] (7.30ns)   --->   "%empty_32 = writeresp i1 @_ssdm_op_WriteResp.m_axi.p1i32, i32 %gmem0_addr" [vadd.cpp:63]   --->   Operation 158 'writeresp' 'empty_32' <Predicate = true> <Delay = 7.30> <CoreInst = "m_axi">   --->   Core 119 'm_axi' <Latency = 3> <II = 1> <Delay = 1.00> <Adapter> <Opcode : 'read' 'write' 'readreq' 'writereq' 'writeresp'>

State 63 <SV = 61> <Delay = 7.30>
ST_63 : Operation 159 [10/68] (7.30ns)   --->   "%empty_32 = writeresp i1 @_ssdm_op_WriteResp.m_axi.p1i32, i32 %gmem0_addr" [vadd.cpp:63]   --->   Operation 159 'writeresp' 'empty_32' <Predicate = true> <Delay = 7.30> <CoreInst = "m_axi">   --->   Core 119 'm_axi' <Latency = 3> <II = 1> <Delay = 1.00> <Adapter> <Opcode : 'read' 'write' 'readreq' 'writereq' 'writeresp'>

State 64 <SV = 62> <Delay = 7.30>
ST_64 : Operation 160 [9/68] (7.30ns)   --->   "%empty_32 = writeresp i1 @_ssdm_op_WriteResp.m_axi.p1i32, i32 %gmem0_addr" [vadd.cpp:63]   --->   Operation 160 'writeresp' 'empty_32' <Predicate = true> <Delay = 7.30> <CoreInst = "m_axi">   --->   Core 119 'm_axi' <Latency = 3> <II = 1> <Delay = 1.00> <Adapter> <Opcode : 'read' 'write' 'readreq' 'writereq' 'writeresp'>

State 65 <SV = 63> <Delay = 7.30>
ST_65 : Operation 161 [8/68] (7.30ns)   --->   "%empty_32 = writeresp i1 @_ssdm_op_WriteResp.m_axi.p1i32, i32 %gmem0_addr" [vadd.cpp:63]   --->   Operation 161 'writeresp' 'empty_32' <Predicate = true> <Delay = 7.30> <CoreInst = "m_axi">   --->   Core 119 'm_axi' <Latency = 3> <II = 1> <Delay = 1.00> <Adapter> <Opcode : 'read' 'write' 'readreq' 'writereq' 'writeresp'>

State 66 <SV = 64> <Delay = 7.30>
ST_66 : Operation 162 [7/68] (7.30ns)   --->   "%empty_32 = writeresp i1 @_ssdm_op_WriteResp.m_axi.p1i32, i32 %gmem0_addr" [vadd.cpp:63]   --->   Operation 162 'writeresp' 'empty_32' <Predicate = true> <Delay = 7.30> <CoreInst = "m_axi">   --->   Core 119 'm_axi' <Latency = 3> <II = 1> <Delay = 1.00> <Adapter> <Opcode : 'read' 'write' 'readreq' 'writereq' 'writeresp'>

State 67 <SV = 65> <Delay = 7.30>
ST_67 : Operation 163 [6/68] (7.30ns)   --->   "%empty_32 = writeresp i1 @_ssdm_op_WriteResp.m_axi.p1i32, i32 %gmem0_addr" [vadd.cpp:63]   --->   Operation 163 'writeresp' 'empty_32' <Predicate = true> <Delay = 7.30> <CoreInst = "m_axi">   --->   Core 119 'm_axi' <Latency = 3> <II = 1> <Delay = 1.00> <Adapter> <Opcode : 'read' 'write' 'readreq' 'writereq' 'writeresp'>

State 68 <SV = 66> <Delay = 7.30>
ST_68 : Operation 164 [5/68] (7.30ns)   --->   "%empty_32 = writeresp i1 @_ssdm_op_WriteResp.m_axi.p1i32, i32 %gmem0_addr" [vadd.cpp:63]   --->   Operation 164 'writeresp' 'empty_32' <Predicate = true> <Delay = 7.30> <CoreInst = "m_axi">   --->   Core 119 'm_axi' <Latency = 3> <II = 1> <Delay = 1.00> <Adapter> <Opcode : 'read' 'write' 'readreq' 'writereq' 'writeresp'>

State 69 <SV = 67> <Delay = 7.30>
ST_69 : Operation 165 [4/68] (7.30ns)   --->   "%empty_32 = writeresp i1 @_ssdm_op_WriteResp.m_axi.p1i32, i32 %gmem0_addr" [vadd.cpp:63]   --->   Operation 165 'writeresp' 'empty_32' <Predicate = true> <Delay = 7.30> <CoreInst = "m_axi">   --->   Core 119 'm_axi' <Latency = 3> <II = 1> <Delay = 1.00> <Adapter> <Opcode : 'read' 'write' 'readreq' 'writereq' 'writeresp'>

State 70 <SV = 68> <Delay = 7.30>
ST_70 : Operation 166 [3/68] (7.30ns)   --->   "%empty_32 = writeresp i1 @_ssdm_op_WriteResp.m_axi.p1i32, i32 %gmem0_addr" [vadd.cpp:63]   --->   Operation 166 'writeresp' 'empty_32' <Predicate = true> <Delay = 7.30> <CoreInst = "m_axi">   --->   Core 119 'm_axi' <Latency = 3> <II = 1> <Delay = 1.00> <Adapter> <Opcode : 'read' 'write' 'readreq' 'writereq' 'writeresp'>

State 71 <SV = 69> <Delay = 7.30>
ST_71 : Operation 167 [2/68] (7.30ns)   --->   "%empty_32 = writeresp i1 @_ssdm_op_WriteResp.m_axi.p1i32, i32 %gmem0_addr" [vadd.cpp:63]   --->   Operation 167 'writeresp' 'empty_32' <Predicate = true> <Delay = 7.30> <CoreInst = "m_axi">   --->   Core 119 'm_axi' <Latency = 3> <II = 1> <Delay = 1.00> <Adapter> <Opcode : 'read' 'write' 'readreq' 'writereq' 'writeresp'>

State 72 <SV = 70> <Delay = 7.30>
ST_72 : Operation 168 [1/68] (7.30ns)   --->   "%empty_32 = writeresp i1 @_ssdm_op_WriteResp.m_axi.p1i32, i32 %gmem0_addr" [vadd.cpp:63]   --->   Operation 168 'writeresp' 'empty_32' <Predicate = true> <Delay = 7.30> <CoreInst = "m_axi">   --->   Core 119 'm_axi' <Latency = 3> <II = 1> <Delay = 1.00> <Adapter> <Opcode : 'read' 'write' 'readreq' 'writereq' 'writeresp'>
ST_72 : Operation 169 [1/1] (0.00ns)   --->   "%ret_ln63 = ret" [vadd.cpp:63]   --->   Operation 169 'ret' 'ret_ln63' <Predicate = true> <Delay = 0.00>


============================================================
+ Verbose Summary: Binding
============================================================
STG Binding: 
---------------- STG Properties BEGIN ----------------
- Is combinational: 0
- Is one-state seq: 0
- Is datapath-only: 0
- Is pipelined: 0
- Is top level: 0
Port [ Return ] is wired: 1; IO mode=ap_ctrl_hs:ce=0
Port [ out_stream]:  wired=1; compound=1; hidden=0; nouse=0; global=0; static=0; extern=0; dir=0; type=3; pingpong=0; private_global=0; IO mode=ap_fifo:ce=0
Port [ gmem0]:  wired=1; compound=1; hidden=0; nouse=0; global=0; static=0; extern=0; dir=1; type=4; pingpong=0; private_global=0; IO mode=m_axi:ce=0
Port [ out_r]:  wired=1; compound=1; hidden=0; nouse=0; global=0; static=0; extern=0; dir=0; type=3; pingpong=0; private_global=0; IO mode=ap_fifo:ce=0
Port [ size]:  wired=1; compound=1; hidden=0; nouse=0; global=0; static=0; extern=0; dir=0; type=3; pingpong=0; private_global=0; IO mode=ap_fifo:ce=0
---------------- STG Properties END ------------------

---------------- Datapath Model BEGIN ----------------

<LifeTime>
<method=bitvector/>
i                 (alloca       ) [ 0111100000000000000000000000000000000000000000000000000000000000000000000]
size_1            (read         ) [ 0011100000000000000000000000000000000000000000000000000000000000000000000]
out_1             (read         ) [ 0000000000000000000000000000000000000000000000000000000000000000000000000]
icmp_ln60         (icmp         ) [ 0000000000000000000000000000000000000000000000000000000000000000000000000]
trunc_ln60        (trunc        ) [ 0000000000000000000000000000000000000000000000000000000000000000000000000]
trunc_ln          (partselect   ) [ 0000000000000000000000000000000000000000000000000000000000000000000000000]
sext_ln60         (sext         ) [ 0000000000000000000000000000000000000000000000000000000000000000000000000]
gmem0_addr        (getelementptr) [ 0011111111111111111111111111111111111111111111111111111111111111111111111]
empty             (select       ) [ 0010000000000000000000000000000000000000000000000000000000000000000000000]
store_ln0         (store        ) [ 0000000000000000000000000000000000000000000000000000000000000000000000000]
specinterface_ln0 (specinterface) [ 0000000000000000000000000000000000000000000000000000000000000000000000000]
specinterface_ln0 (specinterface) [ 0000000000000000000000000000000000000000000000000000000000000000000000000]
specinterface_ln0 (specinterface) [ 0000000000000000000000000000000000000000000000000000000000000000000000000]
specinterface_ln0 (specinterface) [ 0000000000000000000000000000000000000000000000000000000000000000000000000]
specpipeline_ln59 (specpipeline ) [ 0000000000000000000000000000000000000000000000000000000000000000000000000]
zext_ln60         (zext         ) [ 0000000000000000000000000000000000000000000000000000000000000000000000000]
empty_31          (writereq     ) [ 0000000000000000000000000000000000000000000000000000000000000000000000000]
br_ln60           (br           ) [ 0000000000000000000000000000000000000000000000000000000000000000000000000]
i_load            (load         ) [ 0000000000000000000000000000000000000000000000000000000000000000000000000]
zext_ln60_1       (zext         ) [ 0000000000000000000000000000000000000000000000000000000000000000000000000]
icmp_ln60_1       (icmp         ) [ 0001100000000000000000000000000000000000000000000000000000000000000000000]
add_ln60          (add          ) [ 0000000000000000000000000000000000000000000000000000000000000000000000000]
br_ln60           (br           ) [ 0000000000000000000000000000000000000000000000000000000000000000000000000]
out_stream_read   (read         ) [ 0000100000000000000000000000000000000000000000000000000000000000000000000]
store_ln60        (store        ) [ 0000000000000000000000000000000000000000000000000000000000000000000000000]
specloopname_ln60 (specloopname ) [ 0000000000000000000000000000000000000000000000000000000000000000000000000]
write_ln61        (write        ) [ 0000000000000000000000000000000000000000000000000000000000000000000000000]
br_ln60           (br           ) [ 0000000000000000000000000000000000000000000000000000000000000000000000000]
empty_32          (writeresp    ) [ 0000000000000000000000000000000000000000000000000000000000000000000000000]
ret_ln63          (ret          ) [ 0000000000000000000000000000000000000000000000000000000000000000000000000]
</LifeTime>

<model>

<comp_list>
<comp id="0" class="1000" name="out_stream">
<pin_list>
<pin id="1" dir="1" index="0" bw="1" slack="0"/>
</pin_list>
<bind>
<StgValue><ssdm name="out_stream"/></StgValue>
</bind>
</comp>

<comp id="2" class="1000" name="gmem0">
<pin_list>
<pin id="3" dir="1" index="0" bw="1" slack="0"/>
</pin_list>
<bind>
<StgValue><ssdm name="gmem0"/><MemPortTyVec>1 </MemPortTyVec>
</StgValue>
</bind>
</comp>

<comp id="4" class="1000" name="out_r">
<pin_list>
<pin id="5" dir="1" index="0" bw="1" slack="0"/>
</pin_list>
<bind>
<StgValue><ssdm name="out_r"/></StgValue>
</bind>
</comp>

<comp id="6" class="1000" name="size">
<pin_list>
<pin id="7" dir="1" index="0" bw="1" slack="0"/>
</pin_list>
<bind>
<StgValue><ssdm name="size"/></StgValue>
</bind>
</comp>

<comp id="8" class="1001" name="const_8">
<pin_list>
<pin id="9" dir="1" index="0" bw="1" slack="0"/>
</pin_list>
<bind>
<StgValue><ssdm name=""/></StgValue>
</bind>
</comp>

<comp id="10" class="1001" name="const_10">
<pin_list>
<pin id="11" dir="1" index="0" bw="1" slack="0"/>
</pin_list>
<bind>
<StgValue><ssdm name="_ssdm_op_Read.ap_fifo.i32P0A"/></StgValue>
</bind>
</comp>

<comp id="12" class="1001" name="const_12">
<pin_list>
<pin id="13" dir="1" index="0" bw="1" slack="0"/>
</pin_list>
<bind>
<StgValue><ssdm name="_ssdm_op_Read.ap_fifo.i64P0A"/></StgValue>
</bind>
</comp>

<comp id="14" class="1001" name="const_14">
<pin_list>
<pin id="15" dir="1" index="0" bw="1" slack="0"/>
</pin_list>
<bind>
<StgValue><ssdm name=""/></StgValue>
</bind>
</comp>

<comp id="16" class="1001" name="const_16">
<pin_list>
<pin id="17" dir="1" index="0" bw="1" slack="0"/>
</pin_list>
<bind>
<StgValue><ssdm name="_ssdm_op_PartSelect.i62.i64.i32.i32"/></StgValue>
</bind>
</comp>

<comp id="18" class="1001" name="const_18">
<pin_list>
<pin id="19" dir="1" index="0" bw="1" slack="0"/>
</pin_list>
<bind>
<StgValue><ssdm name=""/></StgValue>
</bind>
</comp>

<comp id="20" class="1001" name="const_20">
<pin_list>
<pin id="21" dir="1" index="0" bw="1" slack="0"/>
</pin_list>
<bind>
<StgValue><ssdm name=""/></StgValue>
</bind>
</comp>

<comp id="22" class="1001" name="const_22">
<pin_list>
<pin id="23" dir="1" index="0" bw="1" slack="0"/>
</pin_list>
<bind>
<StgValue><ssdm name=""/></StgValue>
</bind>
</comp>

<comp id="24" class="1001" name="const_24">
<pin_list>
<pin id="25" dir="1" index="0" bw="1" slack="2147483647"/>
</pin_list>
<bind>
<StgValue><ssdm name="_ssdm_op_SpecInterface"/></StgValue>
</bind>
</comp>

<comp id="26" class="1001" name="const_26">
<pin_list>
<pin id="27" dir="1" index="0" bw="1" slack="2147483647"/>
</pin_list>
<bind>
<StgValue><ssdm name="ap_fifo_str"/></StgValue>
</bind>
</comp>

<comp id="28" class="1001" name="const_28">
<pin_list>
<pin id="29" dir="1" index="0" bw="1" slack="2147483647"/>
</pin_list>
<bind>
<StgValue><ssdm name="p_str"/></StgValue>
</bind>
</comp>

<comp id="30" class="1001" name="const_30">
<pin_list>
<pin id="31" dir="1" index="0" bw="1" slack="2147483647"/>
</pin_list>
<bind>
<StgValue><ssdm name=""/></StgValue>
</bind>
</comp>

<comp id="32" class="1001" name="const_32">
<pin_list>
<pin id="33" dir="1" index="0" bw="1" slack="2147483647"/>
</pin_list>
<bind>
<StgValue><ssdm name="ScalarProp_str"/></StgValue>
</bind>
</comp>

<comp id="34" class="1001" name="const_34">
<pin_list>
<pin id="35" dir="1" index="0" bw="1" slack="2147483647"/>
</pin_list>
<bind>
<StgValue><ssdm name=""/></StgValue>
</bind>
</comp>

<comp id="36" class="1001" name="const_36">
<pin_list>
<pin id="37" dir="1" index="0" bw="1" slack="2147483647"/>
</pin_list>
<bind>
<StgValue><ssdm name="empty_9"/></StgValue>
</bind>
</comp>

<comp id="38" class="1001" name="const_38">
<pin_list>
<pin id="39" dir="1" index="0" bw="1" slack="2147483647"/>
</pin_list>
<bind>
<StgValue><ssdm name="empty_3"/></StgValue>
</bind>
</comp>

<comp id="40" class="1001" name="const_40">
<pin_list>
<pin id="41" dir="1" index="0" bw="1" slack="2147483647"/>
</pin_list>
<bind>
<StgValue><ssdm name="empty_12"/></StgValue>
</bind>
</comp>

<comp id="42" class="1001" name="const_42">
<pin_list>
<pin id="43" dir="1" index="0" bw="1" slack="2147483647"/>
</pin_list>
<bind>
<StgValue><ssdm name=""/></StgValue>
</bind>
</comp>

<comp id="44" class="1001" name="const_44">
<pin_list>
<pin id="45" dir="1" index="0" bw="1" slack="2147483647"/>
</pin_list>
<bind>
<StgValue><ssdm name="empty_13"/></StgValue>
</bind>
</comp>

<comp id="46" class="1001" name="const_46">
<pin_list>
<pin id="47" dir="1" index="0" bw="1" slack="2147483647"/>
</pin_list>
<bind>
<StgValue><ssdm name="empty_14"/></StgValue>
</bind>
</comp>

<comp id="48" class="1001" name="const_48">
<pin_list>
<pin id="49" dir="1" index="0" bw="1" slack="2147483647"/>
</pin_list>
<bind>
<StgValue><ssdm name="_ssdm_op_SpecPipeline"/></StgValue>
</bind>
</comp>

<comp id="50" class="1001" name="const_50">
<pin_list>
<pin id="51" dir="1" index="0" bw="1" slack="0"/>
</pin_list>
<bind>
<StgValue><ssdm name="_ssdm_op_WriteReq.m_axi.p1i32"/></StgValue>
</bind>
</comp>

<comp id="52" class="1001" name="const_52">
<pin_list>
<pin id="53" dir="1" index="0" bw="1" slack="0"/>
</pin_list>
<bind>
<StgValue><ssdm name=""/></StgValue>
</bind>
</comp>

<comp id="54" class="1001" name="const_54">
<pin_list>
<pin id="55" dir="1" index="0" bw="1" slack="0"/>
</pin_list>
<bind>
<StgValue><ssdm name="_ssdm_op_Read.ap_fifo.volatile.i32P0A"/></StgValue>
</bind>
</comp>

<comp id="56" class="1001" name="const_56">
<pin_list>
<pin id="57" dir="1" index="0" bw="1" slack="2147483647"/>
</pin_list>
<bind>
<StgValue><ssdm name="_ssdm_op_SpecLoopName"/></StgValue>
</bind>
</comp>

<comp id="58" class="1001" name="const_58">
<pin_list>
<pin id="59" dir="1" index="0" bw="1" slack="2147483647"/>
</pin_list>
<bind>
<StgValue><ssdm name="empty_4"/></StgValue>
</bind>
</comp>

<comp id="60" class="1001" name="const_60">
<pin_list>
<pin id="61" dir="1" index="0" bw="1" slack="0"/>
</pin_list>
<bind>
<StgValue><ssdm name="_ssdm_op_Write.m_axi.p1i32"/></StgValue>
</bind>
</comp>

<comp id="62" class="1001" name="const_62">
<pin_list>
<pin id="63" dir="1" index="0" bw="1" slack="0"/>
</pin_list>
<bind>
<StgValue><ssdm name=""/></StgValue>
</bind>
</comp>

<comp id="64" class="1001" name="const_64">
<pin_list>
<pin id="65" dir="1" index="0" bw="1" slack="0"/>
</pin_list>
<bind>
<StgValue><ssdm name="_ssdm_op_WriteResp.m_axi.p1i32"/></StgValue>
</bind>
</comp>

<comp id="66" class="1004" name="i_fu_66">
<pin_list>
<pin id="67" dir="0" index="0" bw="1" slack="0"/>
<pin id="68" dir="1" index="1" bw="31" slack="0"/>
</pin_list>
<bind>
<opcode="alloca(26) " fcode="alloca"/>
<opset="i/1 "/>
</bind>
</comp>

<comp id="70" class="1004" name="size_1_read_fu_70">
<pin_list>
<pin id="71" dir="0" index="0" bw="32" slack="0"/>
<pin id="72" dir="0" index="1" bw="32" slack="0"/>
<pin id="73" dir="1" index="2" bw="32" slack="0"/>
</pin_list>
<bind>
<opcode="read(1150) " fcode="read"/>
<opset="size_1/1 "/>
</bind>
</comp>

<comp id="76" class="1004" name="out_1_read_fu_76">
<pin_list>
<pin id="77" dir="0" index="0" bw="64" slack="0"/>
<pin id="78" dir="0" index="1" bw="64" slack="0"/>
<pin id="79" dir="1" index="2" bw="64" slack="0"/>
</pin_list>
<bind>
<opcode="read(1150) " fcode="read"/>
<opset="out_1/1 "/>
</bind>
</comp>

<comp id="82" class="1004" name="out_stream_read_read_fu_82">
<pin_list>
<pin id="83" dir="0" index="0" bw="32" slack="0"/>
<pin id="84" dir="0" index="1" bw="32" slack="0"/>
<pin id="85" dir="1" index="2" bw="32" slack="1"/>
</pin_list>
<bind>
<opcode="read(1150) " fcode="read"/>
<opset="out_stream_read/3 "/>
</bind>
</comp>

<comp id="88" class="1004" name="empty_31_writereq_fu_88">
<pin_list>
<pin id="89" dir="0" index="0" bw="1" slack="0"/>
<pin id="90" dir="0" index="1" bw="32" slack="1"/>
<pin id="91" dir="0" index="2" bw="31" slack="0"/>
<pin id="92" dir="1" index="3" bw="1" slack="2147483647"/>
</pin_list>
<bind>
<opcode="writereq(1155) " fcode="writereq"/>
<opset="empty_31/2 "/>
</bind>
</comp>

<comp id="94" class="1004" name="write_ln61_write_fu_94">
<pin_list>
<pin id="95" dir="0" index="0" bw="0" slack="0"/>
<pin id="96" dir="0" index="1" bw="32" slack="3"/>
<pin id="97" dir="0" index="2" bw="32" slack="1"/>
<pin id="98" dir="0" index="3" bw="1" slack="0"/>
<pin id="99" dir="1" index="4" bw="0" slack="2147483647"/>
</pin_list>
<bind>
<opcode="write(1151) " fcode="write"/>
<opset="write_ln61/4 "/>
</bind>
</comp>

<comp id="102" class="1004" name="grp_writeresp_fu_102">
<pin_list>
<pin id="103" dir="0" index="0" bw="1" slack="0"/>
<pin id="104" dir="0" index="1" bw="32" slack="3"/>
<pin id="105" dir="1" index="2" bw="1" slack="2147483647"/>
</pin_list>
<bind>
<opcode="writeresp(1158) " fcode="writeresp"/>
<opset="empty_32/5 "/>
</bind>
</comp>

<comp id="107" class="1004" name="icmp_ln60_fu_107">
<pin_list>
<pin id="108" dir="0" index="0" bw="32" slack="0"/>
<pin id="109" dir="0" index="1" bw="1" slack="0"/>
<pin id="110" dir="1" index="2" bw="1" slack="0"/>
</pin_list>
<bind>
<opcode="icmp(45) " fcode="icmp"/>
<opset="icmp_ln60/1 "/>
</bind>
</comp>

<comp id="113" class="1004" name="trunc_ln60_fu_113">
<pin_list>
<pin id="114" dir="0" index="0" bw="32" slack="0"/>
<pin id="115" dir="1" index="1" bw="31" slack="0"/>
</pin_list>
<bind>
<opcode="trunc(33) " fcode="trunc"/>
<opset="trunc_ln60/1 "/>
</bind>
</comp>

<comp id="117" class="1004" name="trunc_ln_fu_117">
<pin_list>
<pin id="118" dir="0" index="0" bw="62" slack="0"/>
<pin id="119" dir="0" index="1" bw="64" slack="0"/>
<pin id="120" dir="0" index="2" bw="3" slack="0"/>
<pin id="121" dir="0" index="3" bw="7" slack="0"/>
<pin id="122" dir="1" index="4" bw="62" slack="0"/>
</pin_list>
<bind>
<opcode="partselect(1002) " fcode="partselect"/>
<opset="trunc_ln/1 "/>
</bind>
</comp>

<comp id="127" class="1004" name="sext_ln60_fu_127">
<pin_list>
<pin id="128" dir="0" index="0" bw="62" slack="0"/>
<pin id="129" dir="1" index="1" bw="64" slack="0"/>
</pin_list>
<bind>
<opcode="sext(35) " fcode="sext"/>
<opset="sext_ln60/1 "/>
</bind>
</comp>

<comp id="131" class="1004" name="gmem0_addr_fu_131">
<pin_list>
<pin id="132" dir="0" index="0" bw="32" slack="0"/>
<pin id="133" dir="0" index="1" bw="62" slack="0"/>
<pin id="134" dir="1" index="2" bw="32" slack="1"/>
</pin_list>
<bind>
<opcode="getelementptr(29) " fcode="getelementptr"/>
<opset="gmem0_addr/1 "/>
</bind>
</comp>

<comp id="137" class="1004" name="empty_fu_137">
<pin_list>
<pin id="138" dir="0" index="0" bw="1" slack="0"/>
<pin id="139" dir="0" index="1" bw="31" slack="0"/>
<pin id="140" dir="0" index="2" bw="1" slack="0"/>
<pin id="141" dir="1" index="3" bw="31" slack="1"/>
</pin_list>
<bind>
<opcode="select(49) " fcode="select"/>
<opset="empty/1 "/>
</bind>
</comp>

<comp id="145" class="1004" name="store_ln0_store_fu_145">
<pin_list>
<pin id="146" dir="0" index="0" bw="1" slack="0"/>
<pin id="147" dir="0" index="1" bw="31" slack="0"/>
<pin id="148" dir="1" index="2" bw="0" slack="2147483647"/>
</pin_list>
<bind>
<opcode="store(28) " fcode="store"/>
<opset="store_ln0/1 "/>
</bind>
</comp>

<comp id="150" class="1004" name="zext_ln60_fu_150">
<pin_list>
<pin id="151" dir="0" index="0" bw="31" slack="1"/>
<pin id="152" dir="1" index="1" bw="64" slack="0"/>
</pin_list>
<bind>
<opcode="zext(34) " fcode="zext"/>
<opset="zext_ln60/2 "/>
</bind>
</comp>

<comp id="154" class="1004" name="i_load_load_fu_154">
<pin_list>
<pin id="155" dir="0" index="0" bw="31" slack="2"/>
<pin id="156" dir="1" index="1" bw="31" slack="0"/>
</pin_list>
<bind>
<opcode="load(27) " fcode="load"/>
<opset="i_load/3 "/>
</bind>
</comp>

<comp id="157" class="1004" name="zext_ln60_1_fu_157">
<pin_list>
<pin id="158" dir="0" index="0" bw="31" slack="0"/>
<pin id="159" dir="1" index="1" bw="32" slack="0"/>
</pin_list>
<bind>
<opcode="zext(34) " fcode="zext"/>
<opset="zext_ln60_1/3 "/>
</bind>
</comp>

<comp id="161" class="1004" name="icmp_ln60_1_fu_161">
<pin_list>
<pin id="162" dir="0" index="0" bw="31" slack="0"/>
<pin id="163" dir="0" index="1" bw="32" slack="2"/>
<pin id="164" dir="1" index="2" bw="1" slack="2147483647"/>
</pin_list>
<bind>
<opcode="icmp(45) " fcode="icmp"/>
<opset="icmp_ln60_1/3 "/>
</bind>
</comp>

<comp id="166" class="1004" name="add_ln60_fu_166">
<pin_list>
<pin id="167" dir="0" index="0" bw="31" slack="0"/>
<pin id="168" dir="0" index="1" bw="1" slack="0"/>
<pin id="169" dir="1" index="2" bw="31" slack="0"/>
</pin_list>
<bind>
<opcode="add(8) " fcode="add"/>
<opset="add_ln60/3 "/>
</bind>
</comp>

<comp id="172" class="1004" name="store_ln60_store_fu_172">
<pin_list>
<pin id="173" dir="0" index="0" bw="31" slack="0"/>
<pin id="174" dir="0" index="1" bw="31" slack="2"/>
<pin id="175" dir="1" index="2" bw="0" slack="2147483647"/>
</pin_list>
<bind>
<opcode="store(28) " fcode="store"/>
<opset="store_ln60/3 "/>
</bind>
</comp>

<comp id="177" class="1005" name="i_reg_177">
<pin_list>
<pin id="178" dir="0" index="0" bw="31" slack="0"/>
<pin id="179" dir="1" index="1" bw="31" slack="0"/>
</pin_list>
<bind>
<opset="i "/>
</bind>
</comp>

<comp id="184" class="1005" name="size_1_reg_184">
<pin_list>
<pin id="185" dir="0" index="0" bw="32" slack="2"/>
<pin id="186" dir="1" index="1" bw="32" slack="2"/>
</pin_list>
<bind>
<opset="size_1 "/>
</bind>
</comp>

<comp id="189" class="1005" name="gmem0_addr_reg_189">
<pin_list>
<pin id="190" dir="0" index="0" bw="32" slack="1"/>
<pin id="191" dir="1" index="1" bw="32" slack="1"/>
</pin_list>
<bind>
<opset="gmem0_addr "/>
</bind>
</comp>

<comp id="196" class="1005" name="empty_reg_196">
<pin_list>
<pin id="197" dir="0" index="0" bw="31" slack="1"/>
<pin id="198" dir="1" index="1" bw="31" slack="1"/>
</pin_list>
<bind>
<opset="empty "/>
</bind>
</comp>

<comp id="204" class="1005" name="out_stream_read_reg_204">
<pin_list>
<pin id="205" dir="0" index="0" bw="32" slack="1"/>
<pin id="206" dir="1" index="1" bw="32" slack="1"/>
</pin_list>
<bind>
<opset="out_stream_read "/>
</bind>
</comp>

</comp_list>

<net_list>
<net id="69"><net_src comp="8" pin="0"/><net_sink comp="66" pin=0"/></net>

<net id="74"><net_src comp="10" pin="0"/><net_sink comp="70" pin=0"/></net>

<net id="75"><net_src comp="6" pin="0"/><net_sink comp="70" pin=1"/></net>

<net id="80"><net_src comp="12" pin="0"/><net_sink comp="76" pin=0"/></net>

<net id="81"><net_src comp="4" pin="0"/><net_sink comp="76" pin=1"/></net>

<net id="86"><net_src comp="54" pin="0"/><net_sink comp="82" pin=0"/></net>

<net id="87"><net_src comp="0" pin="0"/><net_sink comp="82" pin=1"/></net>

<net id="93"><net_src comp="50" pin="0"/><net_sink comp="88" pin=0"/></net>

<net id="100"><net_src comp="60" pin="0"/><net_sink comp="94" pin=0"/></net>

<net id="101"><net_src comp="62" pin="0"/><net_sink comp="94" pin=3"/></net>

<net id="106"><net_src comp="64" pin="0"/><net_sink comp="102" pin=0"/></net>

<net id="111"><net_src comp="70" pin="2"/><net_sink comp="107" pin=0"/></net>

<net id="112"><net_src comp="14" pin="0"/><net_sink comp="107" pin=1"/></net>

<net id="116"><net_src comp="70" pin="2"/><net_sink comp="113" pin=0"/></net>

<net id="123"><net_src comp="16" pin="0"/><net_sink comp="117" pin=0"/></net>

<net id="124"><net_src comp="76" pin="2"/><net_sink comp="117" pin=1"/></net>

<net id="125"><net_src comp="18" pin="0"/><net_sink comp="117" pin=2"/></net>

<net id="126"><net_src comp="20" pin="0"/><net_sink comp="117" pin=3"/></net>

<net id="130"><net_src comp="117" pin="4"/><net_sink comp="127" pin=0"/></net>

<net id="135"><net_src comp="2" pin="0"/><net_sink comp="131" pin=0"/></net>

<net id="136"><net_src comp="127" pin="1"/><net_sink comp="131" pin=1"/></net>

<net id="142"><net_src comp="107" pin="2"/><net_sink comp="137" pin=0"/></net>

<net id="143"><net_src comp="113" pin="1"/><net_sink comp="137" pin=1"/></net>

<net id="144"><net_src comp="22" pin="0"/><net_sink comp="137" pin=2"/></net>

<net id="149"><net_src comp="22" pin="0"/><net_sink comp="145" pin=0"/></net>

<net id="153"><net_src comp="150" pin="1"/><net_sink comp="88" pin=2"/></net>

<net id="160"><net_src comp="154" pin="1"/><net_sink comp="157" pin=0"/></net>

<net id="165"><net_src comp="157" pin="1"/><net_sink comp="161" pin=0"/></net>

<net id="170"><net_src comp="154" pin="1"/><net_sink comp="166" pin=0"/></net>

<net id="171"><net_src comp="52" pin="0"/><net_sink comp="166" pin=1"/></net>

<net id="176"><net_src comp="166" pin="2"/><net_sink comp="172" pin=0"/></net>

<net id="180"><net_src comp="66" pin="1"/><net_sink comp="177" pin=0"/></net>

<net id="181"><net_src comp="177" pin="1"/><net_sink comp="145" pin=1"/></net>

<net id="182"><net_src comp="177" pin="1"/><net_sink comp="154" pin=0"/></net>

<net id="183"><net_src comp="177" pin="1"/><net_sink comp="172" pin=1"/></net>

<net id="187"><net_src comp="70" pin="2"/><net_sink comp="184" pin=0"/></net>

<net id="188"><net_src comp="184" pin="1"/><net_sink comp="161" pin=1"/></net>

<net id="192"><net_src comp="131" pin="2"/><net_sink comp="189" pin=0"/></net>

<net id="193"><net_src comp="189" pin="1"/><net_sink comp="88" pin=1"/></net>

<net id="194"><net_src comp="189" pin="1"/><net_sink comp="94" pin=1"/></net>

<net id="195"><net_src comp="189" pin="1"/><net_sink comp="102" pin=1"/></net>

<net id="199"><net_src comp="137" pin="3"/><net_sink comp="196" pin=0"/></net>

<net id="200"><net_src comp="196" pin="1"/><net_sink comp="150" pin=0"/></net>

<net id="207"><net_src comp="82" pin="2"/><net_sink comp="204" pin=0"/></net>

<net id="208"><net_src comp="204" pin="1"/><net_sink comp="94" pin=2"/></net>

</net_list>

</model> 
---------------- Datapath Model END ------------------

* FSMD analyzer results:
  - Output states:
	Port: gmem0 | {2 4 5 6 7 8 9 10 11 12 13 14 15 16 17 18 19 20 21 22 23 24 25 26 27 28 29 30 31 32 33 34 35 36 37 38 39 40 41 42 43 44 45 46 47 48 49 50 51 52 53 54 55 56 57 58 59 60 61 62 63 64 65 66 67 68 69 70 71 72 }
 - Input state : 
	Port: store_data : out_stream | {3 }
	Port: store_data : out_r | {1 }
	Port: store_data : size | {1 }
  - Chain level:
	State 1
		sext_ln60 : 1
		gmem0_addr : 2
		empty : 1
		store_ln0 : 1
	State 2
		empty_31 : 1
	State 3
		zext_ln60_1 : 1
		icmp_ln60_1 : 2
		add_ln60 : 1
		br_ln60 : 3
		store_ln60 : 2
	State 4
	State 5
	State 6
	State 7
	State 8
	State 9
	State 10
	State 11
	State 12
	State 13
	State 14
	State 15
	State 16
	State 17
	State 18
	State 19
	State 20
	State 21
	State 22
	State 23
	State 24
	State 25
	State 26
	State 27
	State 28
	State 29
	State 30
	State 31
	State 32
	State 33
	State 34
	State 35
	State 36
	State 37
	State 38
	State 39
	State 40
	State 41
	State 42
	State 43
	State 44
	State 45
	State 46
	State 47
	State 48
	State 49
	State 50
	State 51
	State 52
	State 53
	State 54
	State 55
	State 56
	State 57
	State 58
	State 59
	State 60
	State 61
	State 62
	State 63
	State 64
	State 65
	State 66
	State 67
	State 68
	State 69
	State 70
	State 71
	State 72


============================================================
+ Verbose Summary: Datapath Resource usage 
============================================================

* Functional unit list:
|----------|----------------------------|---------|---------|
| Operation|       Functional Unit      |    FF   |   LUT   |
|----------|----------------------------|---------|---------|
|   icmp   |      icmp_ln60_fu_107      |    0    |    39   |
|          |     icmp_ln60_1_fu_161     |    0    |    39   |
|----------|----------------------------|---------|---------|
|    add   |       add_ln60_fu_166      |    0    |    38   |
|----------|----------------------------|---------|---------|
|  select  |        empty_fu_137        |    0    |    31   |
|----------|----------------------------|---------|---------|
|          |      size_1_read_fu_70     |    0    |    0    |
|   read   |      out_1_read_fu_76      |    0    |    0    |
|          | out_stream_read_read_fu_82 |    0    |    0    |
|----------|----------------------------|---------|---------|
| writereq |   empty_31_writereq_fu_88  |    0    |    0    |
|----------|----------------------------|---------|---------|
|   write  |   write_ln61_write_fu_94   |    0    |    0    |
|----------|----------------------------|---------|---------|
| writeresp|    grp_writeresp_fu_102    |    0    |    0    |
|----------|----------------------------|---------|---------|
|   trunc  |      trunc_ln60_fu_113     |    0    |    0    |
|----------|----------------------------|---------|---------|
|partselect|       trunc_ln_fu_117      |    0    |    0    |
|----------|----------------------------|---------|---------|
|   sext   |      sext_ln60_fu_127      |    0    |    0    |
|----------|----------------------------|---------|---------|
|   zext   |      zext_ln60_fu_150      |    0    |    0    |
|          |     zext_ln60_1_fu_157     |    0    |    0    |
|----------|----------------------------|---------|---------|
|   Total  |                            |    0    |   147   |
|----------|----------------------------|---------|---------|

Memories:
N/A

* Register list:
+-----------------------+--------+
|                       |   FF   |
+-----------------------+--------+
|     empty_reg_196     |   31   |
|   gmem0_addr_reg_189  |   32   |
|       i_reg_177       |   31   |
|out_stream_read_reg_204|   32   |
|     size_1_reg_184    |   32   |
+-----------------------+--------+
|         Total         |   158  |
+-----------------------+--------+

* Multiplexer (MUX) list: 
|--------|------|------|------|--------|
|  Comp  |  Pin | Size |  BW  | S x BW |
|--------|------|------|------|--------|
|  Total |      |      |      |    0   |
|--------|------|------|------|--------|



* Summary:
+-----------+--------+--------+
|           |   FF   |   LUT  |
+-----------+--------+--------+
|  Function |    0   |   147  |
|   Memory  |    -   |    -   |
|Multiplexer|    -   |    -   |
|  Register |   158  |    -   |
+-----------+--------+--------+
|   Total   |   158  |   147  |
+-----------+--------+--------+
